STARTING tstab ...
string to parse is ... <<<char:t(0,1)=bsc1;0;8;>>>

entry stabstring at tstab.c'2535 ...
   isName() entry, cursor = char:t(0,1)=bsc1;0;8;
   isName() = char
   cursor string ... char:t(0,1)=bsc1;0;8;
   newcursor string ... :t(0,1)=bsc1;0;8;
   accepting token ... char
   isChar() entry, cursor = :t(0,1)=bsc1;0;8;
   getChar() = :
   cursor string ... :t(0,1)=bsc1;0;8;
   newcursor string ... t(0,1)=bsc1;0;8;
   accepting token ... :
   entry class at tstab.c'2490 ...
      isChar() entry, cursor = t(0,1)=bsc1;0;8;
      getChar() = t
      entry namedtype at tstab.c'2208 ...
         isChar() entry, cursor = t(0,1)=bsc1;0;8;
         getChar() = t
         cursor string ... t(0,1)=bsc1;0;8;
         newcursor string ... (0,1)=bsc1;0;8;
         accepting token ... t
         entry typeid at tstab.c'2136 ...
            entry typeidno at tstab.c'2127 ...
               isInteger() entry, cursor = (0,1)=bsc1;0;8;
            return NOMATCH from typeidno at tstab.c'2129 ...
            entry typeidsun at tstab.c'2106 ...
               isChar() entry, cursor = (0,1)=bsc1;0;8;
               getChar() = (
               cursor string ... (0,1)=bsc1;0;8;
               newcursor string ... 0,1)=bsc1;0;8;
               accepting token ... (
               isInteger() entry, cursor = 0,1)=bsc1;0;8;
               isInteger() = 0
               cursor string ... 0,1)=bsc1;0;8;
               newcursor string ... ,1)=bsc1;0;8;
               accepting token ... 0
               isChar() entry, cursor = ,1)=bsc1;0;8;
               getChar() = ,
               cursor string ... ,1)=bsc1;0;8;
               newcursor string ... 1)=bsc1;0;8;
               accepting token ... ,
               isInteger() entry, cursor = 1)=bsc1;0;8;
               isInteger() = 1
               cursor string ... 1)=bsc1;0;8;
               newcursor string ... )=bsc1;0;8;
               accepting token ... 1
               isChar() entry, cursor = )=bsc1;0;8;
               getChar() = )
               cursor string ... )=bsc1;0;8;
               newcursor string ... =bsc1;0;8;
               accepting token ... )
            return OK from typeidsun at tstab.c'2122 ...
            entry typeidtail at tstab.c'2080 ...
               isChar() entry, cursor = =bsc1;0;8;
               getChar() = =
               cursor string ... =bsc1;0;8;
               newcursor string ... bsc1;0;8;
               accepting token ... =
               entry typedef at tstab.c'1717 ...
                  isInteger() entry, cursor = bsc1;0;8;
                  entry array at tstab.c'1155 ...
                     isChar() entry, cursor = bsc1;0;8;
                     getChar() = b
                  return NOMATCH from array at tstab.c'1225 ...
                  entry subrange at tstab.c'1452 ...
                     isChar() entry, cursor = bsc1;0;8;
                     getChar() = b
                  return NOMATCH from subrange at tstab.c'1454 ...
                  entry proceduretype at tstab.c'1479 ...
                     isChar() entry, cursor = bsc1;0;8;
                     getChar() = b
                  return NOMATCH from proceduretype at tstab.c'1553 ...
                  entry record at tstab.c'1560 ...
                     isChar() entry, cursor = bsc1;0;8;
                     getChar() = b
                  return NOMATCH from record at tstab.c'1702 ...
                  isChar() entry, cursor = bsc1;0;8;
                  getChar() = b
                  cursor string ... bsc1;0;8;
                  newcursor string ... sc1;0;8;
                  accepting token ... b
                  entry typeid at tstab.c'2136 ...
                     entry typeidno at tstab.c'2127 ...
                        isInteger() entry, cursor = sc1;0;8;
                     return NOMATCH from typeidno at tstab.c'2129 ...
                     entry typeidsun at tstab.c'2106 ...
                        isChar() entry, cursor = sc1;0;8;
                        getChar() = s
                     return NOMATCH from typeidsun at tstab.c'2108 ...
                  return NOMATCH from typeid at tstab.c'2158 ...
               return NOTOK from typedef at tstab.c'1759 ...
            return NOTOK from typeidtail at tstab.c'2086 ...
         return NOTOK from typeid at tstab.c'2155 ...
      return NOTOK from namedtype at tstab.c'2216 ...
   return NOTOK from class at tstab.c'2509 ...
return NOTOK from stabstring at tstab.c'2544 ...
string NOT parsed ...
STARTING tstab ...
string to parse is ... <<<short:t(0,2)=bs2;0;16;>>>

entry stabstring at tstab.c'2535 ...
   isName() entry, cursor = short:t(0,2)=bs2;0;16;
   isName() = short
   cursor string ... short:t(0,2)=bs2;0;16;
   newcursor string ... :t(0,2)=bs2;0;16;
   accepting token ... short
   isChar() entry, cursor = :t(0,2)=bs2;0;16;
   getChar() = :
   cursor string ... :t(0,2)=bs2;0;16;
   newcursor string ... t(0,2)=bs2;0;16;
   accepting token ... :
   entry class at tstab.c'2490 ...
      isChar() entry, cursor = t(0,2)=bs2;0;16;
      getChar() = t
      entry namedtype at tstab.c'2208 ...
         isChar() entry, cursor = t(0,2)=bs2;0;16;
         getChar() = t
         cursor string ... t(0,2)=bs2;0;16;
         newcursor string ... (0,2)=bs2;0;16;
         accepting token ... t
         entry typeid at tstab.c'2136 ...
            entry typeidno at tstab.c'2127 ...
               isInteger() entry, cursor = (0,2)=bs2;0;16;
            return NOMATCH from typeidno at tstab.c'2129 ...
            entry typeidsun at tstab.c'2106 ...
               isChar() entry, cursor = (0,2)=bs2;0;16;
               getChar() = (
               cursor string ... (0,2)=bs2;0;16;
               newcursor string ... 0,2)=bs2;0;16;
               accepting token ... (
               isInteger() entry, cursor = 0,2)=bs2;0;16;
               isInteger() = 0
               cursor string ... 0,2)=bs2;0;16;
               newcursor string ... ,2)=bs2;0;16;
               accepting token ... 0
               isChar() entry, cursor = ,2)=bs2;0;16;
               getChar() = ,
               cursor string ... ,2)=bs2;0;16;
               newcursor string ... 2)=bs2;0;16;
               accepting token ... ,
               isInteger() entry, cursor = 2)=bs2;0;16;
               isInteger() = 2
               cursor string ... 2)=bs2;0;16;
               newcursor string ... )=bs2;0;16;
               accepting token ... 2
               isChar() entry, cursor = )=bs2;0;16;
               getChar() = )
               cursor string ... )=bs2;0;16;
               newcursor string ... =bs2;0;16;
               accepting token ... )
            return OK from typeidsun at tstab.c'2122 ...
            entry typeidtail at tstab.c'2080 ...
               isChar() entry, cursor = =bs2;0;16;
               getChar() = =
               cursor string ... =bs2;0;16;
               newcursor string ... bs2;0;16;
               accepting token ... =
               entry typedef at tstab.c'1717 ...
                  isInteger() entry, cursor = bs2;0;16;
                  entry array at tstab.c'1155 ...
                     isChar() entry, cursor = bs2;0;16;
                     getChar() = b
                  return NOMATCH from array at tstab.c'1225 ...
                  entry subrange at tstab.c'1452 ...
                     isChar() entry, cursor = bs2;0;16;
                     getChar() = b
                  return NOMATCH from subrange at tstab.c'1454 ...
                  entry proceduretype at tstab.c'1479 ...
                     isChar() entry, cursor = bs2;0;16;
                     getChar() = b
                  return NOMATCH from proceduretype at tstab.c'1553 ...
                  entry record at tstab.c'1560 ...
                     isChar() entry, cursor = bs2;0;16;
                     getChar() = b
                  return NOMATCH from record at tstab.c'1702 ...
                  isChar() entry, cursor = bs2;0;16;
                  getChar() = b
                  cursor string ... bs2;0;16;
                  newcursor string ... s2;0;16;
                  accepting token ... b
                  entry typeid at tstab.c'2136 ...
                     entry typeidno at tstab.c'2127 ...
                        isInteger() entry, cursor = s2;0;16;
                     return NOMATCH from typeidno at tstab.c'2129 ...
                     entry typeidsun at tstab.c'2106 ...
                        isChar() entry, cursor = s2;0;16;
                        getChar() = s
                     return NOMATCH from typeidsun at tstab.c'2108 ...
                  return NOMATCH from typeid at tstab.c'2158 ...
               return NOTOK from typedef at tstab.c'1759 ...
            return NOTOK from typeidtail at tstab.c'2086 ...
         return NOTOK from typeid at tstab.c'2155 ...
      return NOTOK from namedtype at tstab.c'2216 ...
   return NOTOK from class at tstab.c'2509 ...
return NOTOK from stabstring at tstab.c'2544 ...
string NOT parsed ...
STARTING tstab ...
string to parse is ... <<<int:t(0,3)=bs4;0;32;>>>

entry stabstring at tstab.c'2535 ...
   isName() entry, cursor = int:t(0,3)=bs4;0;32;
   isName() = int
   cursor string ... int:t(0,3)=bs4;0;32;
   newcursor string ... :t(0,3)=bs4;0;32;
   accepting token ... int
   isChar() entry, cursor = :t(0,3)=bs4;0;32;
   getChar() = :
   cursor string ... :t(0,3)=bs4;0;32;
   newcursor string ... t(0,3)=bs4;0;32;
   accepting token ... :
   entry class at tstab.c'2490 ...
      isChar() entry, cursor = t(0,3)=bs4;0;32;
      getChar() = t
      entry namedtype at tstab.c'2208 ...
         isChar() entry, cursor = t(0,3)=bs4;0;32;
         getChar() = t
         cursor string ... t(0,3)=bs4;0;32;
         newcursor string ... (0,3)=bs4;0;32;
         accepting token ... t
         entry typeid at tstab.c'2136 ...
            entry typeidno at tstab.c'2127 ...
               isInteger() entry, cursor = (0,3)=bs4;0;32;
            return NOMATCH from typeidno at tstab.c'2129 ...
            entry typeidsun at tstab.c'2106 ...
               isChar() entry, cursor = (0,3)=bs4;0;32;
               getChar() = (
               cursor string ... (0,3)=bs4;0;32;
               newcursor string ... 0,3)=bs4;0;32;
               accepting token ... (
               isInteger() entry, cursor = 0,3)=bs4;0;32;
               isInteger() = 0
               cursor string ... 0,3)=bs4;0;32;
               newcursor string ... ,3)=bs4;0;32;
               accepting token ... 0
               isChar() entry, cursor = ,3)=bs4;0;32;
               getChar() = ,
               cursor string ... ,3)=bs4;0;32;
               newcursor string ... 3)=bs4;0;32;
               accepting token ... ,
               isInteger() entry, cursor = 3)=bs4;0;32;
               isInteger() = 3
               cursor string ... 3)=bs4;0;32;
               newcursor string ... )=bs4;0;32;
               accepting token ... 3
               isChar() entry, cursor = )=bs4;0;32;
               getChar() = )
               cursor string ... )=bs4;0;32;
               newcursor string ... =bs4;0;32;
               accepting token ... )
            return OK from typeidsun at tstab.c'2122 ...
            entry typeidtail at tstab.c'2080 ...
               isChar() entry, cursor = =bs4;0;32;
               getChar() = =
               cursor string ... =bs4;0;32;
               newcursor string ... bs4;0;32;
               accepting token ... =
               entry typedef at tstab.c'1717 ...
                  isInteger() entry, cursor = bs4;0;32;
                  entry array at tstab.c'1155 ...
                     isChar() entry, cursor = bs4;0;32;
                     getChar() = b
                  return NOMATCH from array at tstab.c'1225 ...
                  entry subrange at tstab.c'1452 ...
                     isChar() entry, cursor = bs4;0;32;
                     getChar() = b
                  return NOMATCH from subrange at tstab.c'1454 ...
                  entry proceduretype at tstab.c'1479 ...
                     isChar() entry, cursor = bs4;0;32;
                     getChar() = b
                  return NOMATCH from proceduretype at tstab.c'1553 ...
                  entry record at tstab.c'1560 ...
                     isChar() entry, cursor = bs4;0;32;
                     getChar() = b
                  return NOMATCH from record at tstab.c'1702 ...
                  isChar() entry, cursor = bs4;0;32;
                  getChar() = b
                  cursor string ... bs4;0;32;
                  newcursor string ... s4;0;32;
                  accepting token ... b
                  entry typeid at tstab.c'2136 ...
                     entry typeidno at tstab.c'2127 ...
                        isInteger() entry, cursor = s4;0;32;
                     return NOMATCH from typeidno at tstab.c'2129 ...
                     entry typeidsun at tstab.c'2106 ...
                        isChar() entry, cursor = s4;0;32;
                        getChar() = s
                     return NOMATCH from typeidsun at tstab.c'2108 ...
                  return NOMATCH from typeid at tstab.c'2158 ...
               return NOTOK from typedef at tstab.c'1759 ...
            return NOTOK from typeidtail at tstab.c'2086 ...
         return NOTOK from typeid at tstab.c'2155 ...
      return NOTOK from namedtype at tstab.c'2216 ...
   return NOTOK from class at tstab.c'2509 ...
return NOTOK from stabstring at tstab.c'2544 ...
string NOT parsed ...
STARTING tstab ...
string to parse is ... <<<long:t(0,4)=bs4;0;32;>>>

entry stabstring at tstab.c'2535 ...
   isName() entry, cursor = long:t(0,4)=bs4;0;32;
   isName() = long
   cursor string ... long:t(0,4)=bs4;0;32;
   newcursor string ... :t(0,4)=bs4;0;32;
   accepting token ... long
   isChar() entry, cursor = :t(0,4)=bs4;0;32;
   getChar() = :
   cursor string ... :t(0,4)=bs4;0;32;
   newcursor string ... t(0,4)=bs4;0;32;
   accepting token ... :
   entry class at tstab.c'2490 ...
      isChar() entry, cursor = t(0,4)=bs4;0;32;
      getChar() = t
      entry namedtype at tstab.c'2208 ...
         isChar() entry, cursor = t(0,4)=bs4;0;32;
         getChar() = t
         cursor string ... t(0,4)=bs4;0;32;
         newcursor string ... (0,4)=bs4;0;32;
         accepting token ... t
         entry typeid at tstab.c'2136 ...
            entry typeidno at tstab.c'2127 ...
               isInteger() entry, cursor = (0,4)=bs4;0;32;
            return NOMATCH from typeidno at tstab.c'2129 ...
            entry typeidsun at tstab.c'2106 ...
               isChar() entry, cursor = (0,4)=bs4;0;32;
               getChar() = (
               cursor string ... (0,4)=bs4;0;32;
               newcursor string ... 0,4)=bs4;0;32;
               accepting token ... (
               isInteger() entry, cursor = 0,4)=bs4;0;32;
               isInteger() = 0
               cursor string ... 0,4)=bs4;0;32;
               newcursor string ... ,4)=bs4;0;32;
               accepting token ... 0
               isChar() entry, cursor = ,4)=bs4;0;32;
               getChar() = ,
               cursor string ... ,4)=bs4;0;32;
               newcursor string ... 4)=bs4;0;32;
               accepting token ... ,
               isInteger() entry, cursor = 4)=bs4;0;32;
               isInteger() = 4
               cursor string ... 4)=bs4;0;32;
               newcursor string ... )=bs4;0;32;
               accepting token ... 4
               isChar() entry, cursor = )=bs4;0;32;
               getChar() = )
               cursor string ... )=bs4;0;32;
               newcursor string ... =bs4;0;32;
               accepting token ... )
            return OK from typeidsun at tstab.c'2122 ...
            entry typeidtail at tstab.c'2080 ...
               isChar() entry, cursor = =bs4;0;32;
               getChar() = =
               cursor string ... =bs4;0;32;
               newcursor string ... bs4;0;32;
               accepting token ... =
               entry typedef at tstab.c'1717 ...
                  isInteger() entry, cursor = bs4;0;32;
                  entry array at tstab.c'1155 ...
                     isChar() entry, cursor = bs4;0;32;
                     getChar() = b
                  return NOMATCH from array at tstab.c'1225 ...
                  entry subrange at tstab.c'1452 ...
                     isChar() entry, cursor = bs4;0;32;
                     getChar() = b
                  return NOMATCH from subrange at tstab.c'1454 ...
                  entry proceduretype at tstab.c'1479 ...
                     isChar() entry, cursor = bs4;0;32;
                     getChar() = b
                  return NOMATCH from proceduretype at tstab.c'1553 ...
                  entry record at tstab.c'1560 ...
                     isChar() entry, cursor = bs4;0;32;
                     getChar() = b
                  return NOMATCH from record at tstab.c'1702 ...
                  isChar() entry, cursor = bs4;0;32;
                  getChar() = b
                  cursor string ... bs4;0;32;
                  newcursor string ... s4;0;32;
                  accepting token ... b
                  entry typeid at tstab.c'2136 ...
                     entry typeidno at tstab.c'2127 ...
                        isInteger() entry, cursor = s4;0;32;
                     return NOMATCH from typeidno at tstab.c'2129 ...
                     entry typeidsun at tstab.c'2106 ...
                        isChar() entry, cursor = s4;0;32;
                        getChar() = s
                     return NOMATCH from typeidsun at tstab.c'2108 ...
                  return NOMATCH from typeid at tstab.c'2158 ...
               return NOTOK from typedef at tstab.c'1759 ...
            return NOTOK from typeidtail at tstab.c'2086 ...
         return NOTOK from typeid at tstab.c'2155 ...
      return NOTOK from namedtype at tstab.c'2216 ...
   return NOTOK from class at tstab.c'2509 ...
return NOTOK from stabstring at tstab.c'2544 ...
string NOT parsed ...
STARTING tstab ...
string to parse is ... <<<long long:t(0,5)=bs8;0;64;>>>

entry stabstring at tstab.c'2535 ...
   isName() entry, cursor = long long:t(0,5)=bs8;0;64;
   isName() = long long
   cursor string ... long long:t(0,5)=bs8;0;64;
   newcursor string ... :t(0,5)=bs8;0;64;
   accepting token ... long long
   isChar() entry, cursor = :t(0,5)=bs8;0;64;
   getChar() = :
   cursor string ... :t(0,5)=bs8;0;64;
   newcursor string ... t(0,5)=bs8;0;64;
   accepting token ... :
   entry class at tstab.c'2490 ...
      isChar() entry, cursor = t(0,5)=bs8;0;64;
      getChar() = t
      entry namedtype at tstab.c'2208 ...
         isChar() entry, cursor = t(0,5)=bs8;0;64;
         getChar() = t
         cursor string ... t(0,5)=bs8;0;64;
         newcursor string ... (0,5)=bs8;0;64;
         accepting token ... t
         entry typeid at tstab.c'2136 ...
            entry typeidno at tstab.c'2127 ...
               isInteger() entry, cursor = (0,5)=bs8;0;64;
            return NOMATCH from typeidno at tstab.c'2129 ...
            entry typeidsun at tstab.c'2106 ...
               isChar() entry, cursor = (0,5)=bs8;0;64;
               getChar() = (
               cursor string ... (0,5)=bs8;0;64;
               newcursor string ... 0,5)=bs8;0;64;
               accepting token ... (
               isInteger() entry, cursor = 0,5)=bs8;0;64;
               isInteger() = 0
               cursor string ... 0,5)=bs8;0;64;
               newcursor string ... ,5)=bs8;0;64;
               accepting token ... 0
               isChar() entry, cursor = ,5)=bs8;0;64;
               getChar() = ,
               cursor string ... ,5)=bs8;0;64;
               newcursor string ... 5)=bs8;0;64;
               accepting token ... ,
               isInteger() entry, cursor = 5)=bs8;0;64;
               isInteger() = 5
               cursor string ... 5)=bs8;0;64;
               newcursor string ... )=bs8;0;64;
               accepting token ... 5
               isChar() entry, cursor = )=bs8;0;64;
               getChar() = )
               cursor string ... )=bs8;0;64;
               newcursor string ... =bs8;0;64;
               accepting token ... )
            return OK from typeidsun at tstab.c'2122 ...
            entry typeidtail at tstab.c'2080 ...
               isChar() entry, cursor = =bs8;0;64;
               getChar() = =
               cursor string ... =bs8;0;64;
               newcursor string ... bs8;0;64;
               accepting token ... =
               entry typedef at tstab.c'1717 ...
                  isInteger() entry, cursor = bs8;0;64;
                  entry array at tstab.c'1155 ...
                     isChar() entry, cursor = bs8;0;64;
                     getChar() = b
                  return NOMATCH from array at tstab.c'1225 ...
                  entry subrange at tstab.c'1452 ...
                     isChar() entry, cursor = bs8;0;64;
                     getChar() = b
                  return NOMATCH from subrange at tstab.c'1454 ...
                  entry proceduretype at tstab.c'1479 ...
                     isChar() entry, cursor = bs8;0;64;
                     getChar() = b
                  return NOMATCH from proceduretype at tstab.c'1553 ...
                  entry record at tstab.c'1560 ...
                     isChar() entry, cursor = bs8;0;64;
                     getChar() = b
                  return NOMATCH from record at tstab.c'1702 ...
                  isChar() entry, cursor = bs8;0;64;
                  getChar() = b
                  cursor string ... bs8;0;64;
                  newcursor string ... s8;0;64;
                  accepting token ... b
                  entry typeid at tstab.c'2136 ...
                     entry typeidno at tstab.c'2127 ...
                        isInteger() entry, cursor = s8;0;64;
                     return NOMATCH from typeidno at tstab.c'2129 ...
                     entry typeidsun at tstab.c'2106 ...
                        isChar() entry, cursor = s8;0;64;
                        getChar() = s
                     return NOMATCH from typeidsun at tstab.c'2108 ...
                  return NOMATCH from typeid at tstab.c'2158 ...
               return NOTOK from typedef at tstab.c'1759 ...
            return NOTOK from typeidtail at tstab.c'2086 ...
         return NOTOK from typeid at tstab.c'2155 ...
      return NOTOK from namedtype at tstab.c'2216 ...
   return NOTOK from class at tstab.c'2509 ...
return NOTOK from stabstring at tstab.c'2544 ...
string NOT parsed ...
STARTING tstab ...
string to parse is ... <<<unsigned char:t(0,6)=buc1;0;8;>>>

entry stabstring at tstab.c'2535 ...
   isName() entry, cursor = unsigned char:t(0,6)=buc1;0;8;
   isName() = unsigned char
   cursor string ... unsigned char:t(0,6)=buc1;0;8;
   newcursor string ... :t(0,6)=buc1;0;8;
   accepting token ... unsigned char
   isChar() entry, cursor = :t(0,6)=buc1;0;8;
   getChar() = :
   cursor string ... :t(0,6)=buc1;0;8;
   newcursor string ... t(0,6)=buc1;0;8;
   accepting token ... :
   entry class at tstab.c'2490 ...
      isChar() entry, cursor = t(0,6)=buc1;0;8;
      getChar() = t
      entry namedtype at tstab.c'2208 ...
         isChar() entry, cursor = t(0,6)=buc1;0;8;
         getChar() = t
         cursor string ... t(0,6)=buc1;0;8;
         newcursor string ... (0,6)=buc1;0;8;
         accepting token ... t
         entry typeid at tstab.c'2136 ...
            entry typeidno at tstab.c'2127 ...
               isInteger() entry, cursor = (0,6)=buc1;0;8;
            return NOMATCH from typeidno at tstab.c'2129 ...
            entry typeidsun at tstab.c'2106 ...
               isChar() entry, cursor = (0,6)=buc1;0;8;
               getChar() = (
               cursor string ... (0,6)=buc1;0;8;
               newcursor string ... 0,6)=buc1;0;8;
               accepting token ... (
               isInteger() entry, cursor = 0,6)=buc1;0;8;
               isInteger() = 0
               cursor string ... 0,6)=buc1;0;8;
               newcursor string ... ,6)=buc1;0;8;
               accepting token ... 0
               isChar() entry, cursor = ,6)=buc1;0;8;
               getChar() = ,
               cursor string ... ,6)=buc1;0;8;
               newcursor string ... 6)=buc1;0;8;
               accepting token ... ,
               isInteger() entry, cursor = 6)=buc1;0;8;
               isInteger() = 6
               cursor string ... 6)=buc1;0;8;
               newcursor string ... )=buc1;0;8;
               accepting token ... 6
               isChar() entry, cursor = )=buc1;0;8;
               getChar() = )
               cursor string ... )=buc1;0;8;
               newcursor string ... =buc1;0;8;
               accepting token ... )
            return OK from typeidsun at tstab.c'2122 ...
            entry typeidtail at tstab.c'2080 ...
               isChar() entry, cursor = =buc1;0;8;
               getChar() = =
               cursor string ... =buc1;0;8;
               newcursor string ... buc1;0;8;
               accepting token ... =
               entry typedef at tstab.c'1717 ...
                  isInteger() entry, cursor = buc1;0;8;
                  entry array at tstab.c'1155 ...
                     isChar() entry, cursor = buc1;0;8;
                     getChar() = b
                  return NOMATCH from array at tstab.c'1225 ...
                  entry subrange at tstab.c'1452 ...
                     isChar() entry, cursor = buc1;0;8;
                     getChar() = b
                  return NOMATCH from subrange at tstab.c'1454 ...
                  entry proceduretype at tstab.c'1479 ...
                     isChar() entry, cursor = buc1;0;8;
                     getChar() = b
                  return NOMATCH from proceduretype at tstab.c'1553 ...
                  entry record at tstab.c'1560 ...
                     isChar() entry, cursor = buc1;0;8;
                     getChar() = b
                  return NOMATCH from record at tstab.c'1702 ...
                  isChar() entry, cursor = buc1;0;8;
                  getChar() = b
                  cursor string ... buc1;0;8;
                  newcursor string ... uc1;0;8;
                  accepting token ... b
                  entry typeid at tstab.c'2136 ...
                     entry typeidno at tstab.c'2127 ...
                        isInteger() entry, cursor = uc1;0;8;
                     return NOMATCH from typeidno at tstab.c'2129 ...
                     entry typeidsun at tstab.c'2106 ...
                        isChar() entry, cursor = uc1;0;8;
                        getChar() = u
                     return NOMATCH from typeidsun at tstab.c'2108 ...
                  return NOMATCH from typeid at tstab.c'2158 ...
               return NOTOK from typedef at tstab.c'1759 ...
            return NOTOK from typeidtail at tstab.c'2086 ...
         return NOTOK from typeid at tstab.c'2155 ...
      return NOTOK from namedtype at tstab.c'2216 ...
   return NOTOK from class at tstab.c'2509 ...
return NOTOK from stabstring at tstab.c'2544 ...
string NOT parsed ...
STARTING tstab ...
string to parse is ... <<<unsigned short:t(0,7)=bu2;0;16;>>>

entry stabstring at tstab.c'2535 ...
   isName() entry, cursor = unsigned short:t(0,7)=bu2;0;16;
   isName() = unsigned short
   cursor string ... unsigned short:t(0,7)=bu2;0;16;
   newcursor string ... :t(0,7)=bu2;0;16;
   accepting token ... unsigned short
   isChar() entry, cursor = :t(0,7)=bu2;0;16;
   getChar() = :
   cursor string ... :t(0,7)=bu2;0;16;
   newcursor string ... t(0,7)=bu2;0;16;
   accepting token ... :
   entry class at tstab.c'2490 ...
      isChar() entry, cursor = t(0,7)=bu2;0;16;
      getChar() = t
      entry namedtype at tstab.c'2208 ...
         isChar() entry, cursor = t(0,7)=bu2;0;16;
         getChar() = t
         cursor string ... t(0,7)=bu2;0;16;
         newcursor string ... (0,7)=bu2;0;16;
         accepting token ... t
         entry typeid at tstab.c'2136 ...
            entry typeidno at tstab.c'2127 ...
               isInteger() entry, cursor = (0,7)=bu2;0;16;
            return NOMATCH from typeidno at tstab.c'2129 ...
            entry typeidsun at tstab.c'2106 ...
               isChar() entry, cursor = (0,7)=bu2;0;16;
               getChar() = (
               cursor string ... (0,7)=bu2;0;16;
               newcursor string ... 0,7)=bu2;0;16;
               accepting token ... (
               isInteger() entry, cursor = 0,7)=bu2;0;16;
               isInteger() = 0
               cursor string ... 0,7)=bu2;0;16;
               newcursor string ... ,7)=bu2;0;16;
               accepting token ... 0
               isChar() entry, cursor = ,7)=bu2;0;16;
               getChar() = ,
               cursor string ... ,7)=bu2;0;16;
               newcursor string ... 7)=bu2;0;16;
               accepting token ... ,
               isInteger() entry, cursor = 7)=bu2;0;16;
               isInteger() = 7
               cursor string ... 7)=bu2;0;16;
               newcursor string ... )=bu2;0;16;
               accepting token ... 7
               isChar() entry, cursor = )=bu2;0;16;
               getChar() = )
               cursor string ... )=bu2;0;16;
               newcursor string ... =bu2;0;16;
               accepting token ... )
            return OK from typeidsun at tstab.c'2122 ...
            entry typeidtail at tstab.c'2080 ...
               isChar() entry, cursor = =bu2;0;16;
               getChar() = =
               cursor string ... =bu2;0;16;
               newcursor string ... bu2;0;16;
               accepting token ... =
               entry typedef at tstab.c'1717 ...
                  isInteger() entry, cursor = bu2;0;16;
                  entry array at tstab.c'1155 ...
                     isChar() entry, cursor = bu2;0;16;
                     getChar() = b
                  return NOMATCH from array at tstab.c'1225 ...
                  entry subrange at tstab.c'1452 ...
                     isChar() entry, cursor = bu2;0;16;
                     getChar() = b
                  return NOMATCH from subrange at tstab.c'1454 ...
                  entry proceduretype at tstab.c'1479 ...
                     isChar() entry, cursor = bu2;0;16;
                     getChar() = b
                  return NOMATCH from proceduretype at tstab.c'1553 ...
                  entry record at tstab.c'1560 ...
                     isChar() entry, cursor = bu2;0;16;
                     getChar() = b
                  return NOMATCH from record at tstab.c'1702 ...
                  isChar() entry, cursor = bu2;0;16;
                  getChar() = b
                  cursor string ... bu2;0;16;
                  newcursor string ... u2;0;16;
                  accepting token ... b
                  entry typeid at tstab.c'2136 ...
                     entry typeidno at tstab.c'2127 ...
                        isInteger() entry, cursor = u2;0;16;
                     return NOMATCH from typeidno at tstab.c'2129 ...
                     entry typeidsun at tstab.c'2106 ...
                        isChar() entry, cursor = u2;0;16;
                        getChar() = u
                     return NOMATCH from typeidsun at tstab.c'2108 ...
                  return NOMATCH from typeid at tstab.c'2158 ...
               return NOTOK from typedef at tstab.c'1759 ...
            return NOTOK from typeidtail at tstab.c'2086 ...
         return NOTOK from typeid at tstab.c'2155 ...
      return NOTOK from namedtype at tstab.c'2216 ...
   return NOTOK from class at tstab.c'2509 ...
return NOTOK from stabstring at tstab.c'2544 ...
string NOT parsed ...
STARTING tstab ...
string to parse is ... <<<unsigned:t(0,8)=bu4;0;32;>>>

entry stabstring at tstab.c'2535 ...
   isName() entry, cursor = unsigned:t(0,8)=bu4;0;32;
   isName() = unsigned
   cursor string ... unsigned:t(0,8)=bu4;0;32;
   newcursor string ... :t(0,8)=bu4;0;32;
   accepting token ... unsigned
   isChar() entry, cursor = :t(0,8)=bu4;0;32;
   getChar() = :
   cursor string ... :t(0,8)=bu4;0;32;
   newcursor string ... t(0,8)=bu4;0;32;
   accepting token ... :
   entry class at tstab.c'2490 ...
      isChar() entry, cursor = t(0,8)=bu4;0;32;
      getChar() = t
      entry namedtype at tstab.c'2208 ...
         isChar() entry, cursor = t(0,8)=bu4;0;32;
         getChar() = t
         cursor string ... t(0,8)=bu4;0;32;
         newcursor string ... (0,8)=bu4;0;32;
         accepting token ... t
         entry typeid at tstab.c'2136 ...
            entry typeidno at tstab.c'2127 ...
               isInteger() entry, cursor = (0,8)=bu4;0;32;
            return NOMATCH from typeidno at tstab.c'2129 ...
            entry typeidsun at tstab.c'2106 ...
               isChar() entry, cursor = (0,8)=bu4;0;32;
               getChar() = (
               cursor string ... (0,8)=bu4;0;32;
               newcursor string ... 0,8)=bu4;0;32;
               accepting token ... (
               isInteger() entry, cursor = 0,8)=bu4;0;32;
               isInteger() = 0
               cursor string ... 0,8)=bu4;0;32;
               newcursor string ... ,8)=bu4;0;32;
               accepting token ... 0
               isChar() entry, cursor = ,8)=bu4;0;32;
               getChar() = ,
               cursor string ... ,8)=bu4;0;32;
               newcursor string ... 8)=bu4;0;32;
               accepting token ... ,
               isInteger() entry, cursor = 8)=bu4;0;32;
               isInteger() = 8
               cursor string ... 8)=bu4;0;32;
               newcursor string ... )=bu4;0;32;
               accepting token ... 8
               isChar() entry, cursor = )=bu4;0;32;
               getChar() = )
               cursor string ... )=bu4;0;32;
               newcursor string ... =bu4;0;32;
               accepting token ... )
            return OK from typeidsun at tstab.c'2122 ...
            entry typeidtail at tstab.c'2080 ...
               isChar() entry, cursor = =bu4;0;32;
               getChar() = =
               cursor string ... =bu4;0;32;
               newcursor string ... bu4;0;32;
               accepting token ... =
               entry typedef at tstab.c'1717 ...
                  isInteger() entry, cursor = bu4;0;32;
                  entry array at tstab.c'1155 ...
                     isChar() entry, cursor = bu4;0;32;
                     getChar() = b
                  return NOMATCH from array at tstab.c'1225 ...
                  entry subrange at tstab.c'1452 ...
                     isChar() entry, cursor = bu4;0;32;
                     getChar() = b
                  return NOMATCH from subrange at tstab.c'1454 ...
                  entry proceduretype at tstab.c'1479 ...
                     isChar() entry, cursor = bu4;0;32;
                     getChar() = b
                  return NOMATCH from proceduretype at tstab.c'1553 ...
                  entry record at tstab.c'1560 ...
                     isChar() entry, cursor = bu4;0;32;
                     getChar() = b
                  return NOMATCH from record at tstab.c'1702 ...
                  isChar() entry, cursor = bu4;0;32;
                  getChar() = b
                  cursor string ... bu4;0;32;
                  newcursor string ... u4;0;32;
                  accepting token ... b
                  entry typeid at tstab.c'2136 ...
                     entry typeidno at tstab.c'2127 ...
                        isInteger() entry, cursor = u4;0;32;
                     return NOMATCH from typeidno at tstab.c'2129 ...
                     entry typeidsun at tstab.c'2106 ...
                        isChar() entry, cursor = u4;0;32;
                        getChar() = u
                     return NOMATCH from typeidsun at tstab.c'2108 ...
                  return NOMATCH from typeid at tstab.c'2158 ...
               return NOTOK from typedef at tstab.c'1759 ...
            return NOTOK from typeidtail at tstab.c'2086 ...
         return NOTOK from typeid at tstab.c'2155 ...
      return NOTOK from namedtype at tstab.c'2216 ...
   return NOTOK from class at tstab.c'2509 ...
return NOTOK from stabstring at tstab.c'2544 ...
string NOT parsed ...
STARTING tstab ...
string to parse is ... <<<unsigned long:t(0,9)=bu4;0;32;>>>

entry stabstring at tstab.c'2535 ...
   isName() entry, cursor = unsigned long:t(0,9)=bu4;0;32;
   isName() = unsigned long
   cursor string ... unsigned long:t(0,9)=bu4;0;32;
   newcursor string ... :t(0,9)=bu4;0;32;
   accepting token ... unsigned long
   isChar() entry, cursor = :t(0,9)=bu4;0;32;
   getChar() = :
   cursor string ... :t(0,9)=bu4;0;32;
   newcursor string ... t(0,9)=bu4;0;32;
   accepting token ... :
   entry class at tstab.c'2490 ...
      isChar() entry, cursor = t(0,9)=bu4;0;32;
      getChar() = t
      entry namedtype at tstab.c'2208 ...
         isChar() entry, cursor = t(0,9)=bu4;0;32;
         getChar() = t
         cursor string ... t(0,9)=bu4;0;32;
         newcursor string ... (0,9)=bu4;0;32;
         accepting token ... t
         entry typeid at tstab.c'2136 ...
            entry typeidno at tstab.c'2127 ...
               isInteger() entry, cursor = (0,9)=bu4;0;32;
            return NOMATCH from typeidno at tstab.c'2129 ...
            entry typeidsun at tstab.c'2106 ...
               isChar() entry, cursor = (0,9)=bu4;0;32;
               getChar() = (
               cursor string ... (0,9)=bu4;0;32;
               newcursor string ... 0,9)=bu4;0;32;
               accepting token ... (
               isInteger() entry, cursor = 0,9)=bu4;0;32;
               isInteger() = 0
               cursor string ... 0,9)=bu4;0;32;
               newcursor string ... ,9)=bu4;0;32;
               accepting token ... 0
               isChar() entry, cursor = ,9)=bu4;0;32;
               getChar() = ,
               cursor string ... ,9)=bu4;0;32;
               newcursor string ... 9)=bu4;0;32;
               accepting token ... ,
               isInteger() entry, cursor = 9)=bu4;0;32;
               isInteger() = 9
               cursor string ... 9)=bu4;0;32;
               newcursor string ... )=bu4;0;32;
               accepting token ... 9
               isChar() entry, cursor = )=bu4;0;32;
               getChar() = )
               cursor string ... )=bu4;0;32;
               newcursor string ... =bu4;0;32;
               accepting token ... )
            return OK from typeidsun at tstab.c'2122 ...
            entry typeidtail at tstab.c'2080 ...
               isChar() entry, cursor = =bu4;0;32;
               getChar() = =
               cursor string ... =bu4;0;32;
               newcursor string ... bu4;0;32;
               accepting token ... =
               entry typedef at tstab.c'1717 ...
                  isInteger() entry, cursor = bu4;0;32;
                  entry array at tstab.c'1155 ...
                     isChar() entry, cursor = bu4;0;32;
                     getChar() = b
                  return NOMATCH from array at tstab.c'1225 ...
                  entry subrange at tstab.c'1452 ...
                     isChar() entry, cursor = bu4;0;32;
                     getChar() = b
                  return NOMATCH from subrange at tstab.c'1454 ...
                  entry proceduretype at tstab.c'1479 ...
                     isChar() entry, cursor = bu4;0;32;
                     getChar() = b
                  return NOMATCH from proceduretype at tstab.c'1553 ...
                  entry record at tstab.c'1560 ...
                     isChar() entry, cursor = bu4;0;32;
                     getChar() = b
                  return NOMATCH from record at tstab.c'1702 ...
                  isChar() entry, cursor = bu4;0;32;
                  getChar() = b
                  cursor string ... bu4;0;32;
                  newcursor string ... u4;0;32;
                  accepting token ... b
                  entry typeid at tstab.c'2136 ...
                     entry typeidno at tstab.c'2127 ...
                        isInteger() entry, cursor = u4;0;32;
                     return NOMATCH from typeidno at tstab.c'2129 ...
                     entry typeidsun at tstab.c'2106 ...
                        isChar() entry, cursor = u4;0;32;
                        getChar() = u
                     return NOMATCH from typeidsun at tstab.c'2108 ...
                  return NOMATCH from typeid at tstab.c'2158 ...
               return NOTOK from typedef at tstab.c'1759 ...
            return NOTOK from typeidtail at tstab.c'2086 ...
         return NOTOK from typeid at tstab.c'2155 ...
      return NOTOK from namedtype at tstab.c'2216 ...
   return NOTOK from class at tstab.c'2509 ...
return NOTOK from stabstring at tstab.c'2544 ...
string NOT parsed ...
STARTING tstab ...
string to parse is ... <<<unsigned long long:t(0,10)=bu8;0;64;>>>

entry stabstring at tstab.c'2535 ...
   isName() entry, cursor = unsigned long long:t(0,10)=bu8;0;64;
   isName() = unsigned long long
   cursor string ... unsigned long long:t(0,10)=bu8;0;64;
   newcursor string ... :t(0,10)=bu8;0;64;
   accepting token ... unsigned long long
   isChar() entry, cursor = :t(0,10)=bu8;0;64;
   getChar() = :
   cursor string ... :t(0,10)=bu8;0;64;
   newcursor string ... t(0,10)=bu8;0;64;
   accepting token ... :
   entry class at tstab.c'2490 ...
      isChar() entry, cursor = t(0,10)=bu8;0;64;
      getChar() = t
      entry namedtype at tstab.c'2208 ...
         isChar() entry, cursor = t(0,10)=bu8;0;64;
         getChar() = t
         cursor string ... t(0,10)=bu8;0;64;
         newcursor string ... (0,10)=bu8;0;64;
         accepting token ... t
         entry typeid at tstab.c'2136 ...
            entry typeidno at tstab.c'2127 ...
               isInteger() entry, cursor = (0,10)=bu8;0;64;
            return NOMATCH from typeidno at tstab.c'2129 ...
            entry typeidsun at tstab.c'2106 ...
               isChar() entry, cursor = (0,10)=bu8;0;64;
               getChar() = (
               cursor string ... (0,10)=bu8;0;64;
               newcursor string ... 0,10)=bu8;0;64;
               accepting token ... (
               isInteger() entry, cursor = 0,10)=bu8;0;64;
               isInteger() = 0
               cursor string ... 0,10)=bu8;0;64;
               newcursor string ... ,10)=bu8;0;64;
               accepting token ... 0
               isChar() entry, cursor = ,10)=bu8;0;64;
               getChar() = ,
               cursor string ... ,10)=bu8;0;64;
               newcursor string ... 10)=bu8;0;64;
               accepting token ... ,
               isInteger() entry, cursor = 10)=bu8;0;64;
               isInteger() = 10
               cursor string ... 10)=bu8;0;64;
               newcursor string ... )=bu8;0;64;
               accepting token ... 10
               isChar() entry, cursor = )=bu8;0;64;
               getChar() = )
               cursor string ... )=bu8;0;64;
               newcursor string ... =bu8;0;64;
               accepting token ... )
            return OK from typeidsun at tstab.c'2122 ...
            entry typeidtail at tstab.c'2080 ...
               isChar() entry, cursor = =bu8;0;64;
               getChar() = =
               cursor string ... =bu8;0;64;
               newcursor string ... bu8;0;64;
               accepting token ... =
               entry typedef at tstab.c'1717 ...
                  isInteger() entry, cursor = bu8;0;64;
                  entry array at tstab.c'1155 ...
                     isChar() entry, cursor = bu8;0;64;
                     getChar() = b
                  return NOMATCH from array at tstab.c'1225 ...
                  entry subrange at tstab.c'1452 ...
                     isChar() entry, cursor = bu8;0;64;
                     getChar() = b
                  return NOMATCH from subrange at tstab.c'1454 ...
                  entry proceduretype at tstab.c'1479 ...
                     isChar() entry, cursor = bu8;0;64;
                     getChar() = b
                  return NOMATCH from proceduretype at tstab.c'1553 ...
                  entry record at tstab.c'1560 ...
                     isChar() entry, cursor = bu8;0;64;
                     getChar() = b
                  return NOMATCH from record at tstab.c'1702 ...
                  isChar() entry, cursor = bu8;0;64;
                  getChar() = b
                  cursor string ... bu8;0;64;
                  newcursor string ... u8;0;64;
                  accepting token ... b
                  entry typeid at tstab.c'2136 ...
                     entry typeidno at tstab.c'2127 ...
                        isInteger() entry, cursor = u8;0;64;
                     return NOMATCH from typeidno at tstab.c'2129 ...
                     entry typeidsun at tstab.c'2106 ...
                        isChar() entry, cursor = u8;0;64;
                        getChar() = u
                     return NOMATCH from typeidsun at tstab.c'2108 ...
                  return NOMATCH from typeid at tstab.c'2158 ...
               return NOTOK from typedef at tstab.c'1759 ...
            return NOTOK from typeidtail at tstab.c'2086 ...
         return NOTOK from typeid at tstab.c'2155 ...
      return NOTOK from namedtype at tstab.c'2216 ...
   return NOTOK from class at tstab.c'2509 ...
return NOTOK from stabstring at tstab.c'2544 ...
string NOT parsed ...
STARTING tstab ...
string to parse is ... <<<signed char:t(0,11)=bsc1;0;8;>>>

entry stabstring at tstab.c'2535 ...
   isName() entry, cursor = signed char:t(0,11)=bsc1;0;8;
   isName() = signed char
   cursor string ... signed char:t(0,11)=bsc1;0;8;
   newcursor string ... :t(0,11)=bsc1;0;8;
   accepting token ... signed char
   isChar() entry, cursor = :t(0,11)=bsc1;0;8;
   getChar() = :
   cursor string ... :t(0,11)=bsc1;0;8;
   newcursor string ... t(0,11)=bsc1;0;8;
   accepting token ... :
   entry class at tstab.c'2490 ...
      isChar() entry, cursor = t(0,11)=bsc1;0;8;
      getChar() = t
      entry namedtype at tstab.c'2208 ...
         isChar() entry, cursor = t(0,11)=bsc1;0;8;
         getChar() = t
         cursor string ... t(0,11)=bsc1;0;8;
         newcursor string ... (0,11)=bsc1;0;8;
         accepting token ... t
         entry typeid at tstab.c'2136 ...
            entry typeidno at tstab.c'2127 ...
               isInteger() entry, cursor = (0,11)=bsc1;0;8;
            return NOMATCH from typeidno at tstab.c'2129 ...
            entry typeidsun at tstab.c'2106 ...
               isChar() entry, cursor = (0,11)=bsc1;0;8;
               getChar() = (
               cursor string ... (0,11)=bsc1;0;8;
               newcursor string ... 0,11)=bsc1;0;8;
               accepting token ... (
               isInteger() entry, cursor = 0,11)=bsc1;0;8;
               isInteger() = 0
               cursor string ... 0,11)=bsc1;0;8;
               newcursor string ... ,11)=bsc1;0;8;
               accepting token ... 0
               isChar() entry, cursor = ,11)=bsc1;0;8;
               getChar() = ,
               cursor string ... ,11)=bsc1;0;8;
               newcursor string ... 11)=bsc1;0;8;
               accepting token ... ,
               isInteger() entry, cursor = 11)=bsc1;0;8;
               isInteger() = 11
               cursor string ... 11)=bsc1;0;8;
               newcursor string ... )=bsc1;0;8;
               accepting token ... 11
               isChar() entry, cursor = )=bsc1;0;8;
               getChar() = )
               cursor string ... )=bsc1;0;8;
               newcursor string ... =bsc1;0;8;
               accepting token ... )
            return OK from typeidsun at tstab.c'2122 ...
            entry typeidtail at tstab.c'2080 ...
               isChar() entry, cursor = =bsc1;0;8;
               getChar() = =
               cursor string ... =bsc1;0;8;
               newcursor string ... bsc1;0;8;
               accepting token ... =
               entry typedef at tstab.c'1717 ...
                  isInteger() entry, cursor = bsc1;0;8;
                  entry array at tstab.c'1155 ...
                     isChar() entry, cursor = bsc1;0;8;
                     getChar() = b
                  return NOMATCH from array at tstab.c'1225 ...
                  entry subrange at tstab.c'1452 ...
                     isChar() entry, cursor = bsc1;0;8;
                     getChar() = b
                  return NOMATCH from subrange at tstab.c'1454 ...
                  entry proceduretype at tstab.c'1479 ...
                     isChar() entry, cursor = bsc1;0;8;
                     getChar() = b
                  return NOMATCH from proceduretype at tstab.c'1553 ...
                  entry record at tstab.c'1560 ...
                     isChar() entry, cursor = bsc1;0;8;
                     getChar() = b
                  return NOMATCH from record at tstab.c'1702 ...
                  isChar() entry, cursor = bsc1;0;8;
                  getChar() = b
                  cursor string ... bsc1;0;8;
                  newcursor string ... sc1;0;8;
                  accepting token ... b
                  entry typeid at tstab.c'2136 ...
                     entry typeidno at tstab.c'2127 ...
                        isInteger() entry, cursor = sc1;0;8;
                     return NOMATCH from typeidno at tstab.c'2129 ...
                     entry typeidsun at tstab.c'2106 ...
                        isChar() entry, cursor = sc1;0;8;
                        getChar() = s
                     return NOMATCH from typeidsun at tstab.c'2108 ...
                  return NOMATCH from typeid at tstab.c'2158 ...
               return NOTOK from typedef at tstab.c'1759 ...
            return NOTOK from typeidtail at tstab.c'2086 ...
         return NOTOK from typeid at tstab.c'2155 ...
      return NOTOK from namedtype at tstab.c'2216 ...
   return NOTOK from class at tstab.c'2509 ...
return NOTOK from stabstring at tstab.c'2544 ...
string NOT parsed ...
STARTING tstab ...
string to parse is ... <<<wchar_t:t(0,12)=buc4;0;32;>>>

entry stabstring at tstab.c'2535 ...
   isName() entry, cursor = wchar_t:t(0,12)=buc4;0;32;
   isName() = wchar_t
   cursor string ... wchar_t:t(0,12)=buc4;0;32;
   newcursor string ... :t(0,12)=buc4;0;32;
   accepting token ... wchar_t
   isChar() entry, cursor = :t(0,12)=buc4;0;32;
   getChar() = :
   cursor string ... :t(0,12)=buc4;0;32;
   newcursor string ... t(0,12)=buc4;0;32;
   accepting token ... :
   entry class at tstab.c'2490 ...
      isChar() entry, cursor = t(0,12)=buc4;0;32;
      getChar() = t
      entry namedtype at tstab.c'2208 ...
         isChar() entry, cursor = t(0,12)=buc4;0;32;
         getChar() = t
         cursor string ... t(0,12)=buc4;0;32;
         newcursor string ... (0,12)=buc4;0;32;
         accepting token ... t
         entry typeid at tstab.c'2136 ...
            entry typeidno at tstab.c'2127 ...
               isInteger() entry, cursor = (0,12)=buc4;0;32;
            return NOMATCH from typeidno at tstab.c'2129 ...
            entry typeidsun at tstab.c'2106 ...
               isChar() entry, cursor = (0,12)=buc4;0;32;
               getChar() = (
               cursor string ... (0,12)=buc4;0;32;
               newcursor string ... 0,12)=buc4;0;32;
               accepting token ... (
               isInteger() entry, cursor = 0,12)=buc4;0;32;
               isInteger() = 0
               cursor string ... 0,12)=buc4;0;32;
               newcursor string ... ,12)=buc4;0;32;
               accepting token ... 0
               isChar() entry, cursor = ,12)=buc4;0;32;
               getChar() = ,
               cursor string ... ,12)=buc4;0;32;
               newcursor string ... 12)=buc4;0;32;
               accepting token ... ,
               isInteger() entry, cursor = 12)=buc4;0;32;
               isInteger() = 12
               cursor string ... 12)=buc4;0;32;
               newcursor string ... )=buc4;0;32;
               accepting token ... 12
               isChar() entry, cursor = )=buc4;0;32;
               getChar() = )
               cursor string ... )=buc4;0;32;
               newcursor string ... =buc4;0;32;
               accepting token ... )
            return OK from typeidsun at tstab.c'2122 ...
            entry typeidtail at tstab.c'2080 ...
               isChar() entry, cursor = =buc4;0;32;
               getChar() = =
               cursor string ... =buc4;0;32;
               newcursor string ... buc4;0;32;
               accepting token ... =
               entry typedef at tstab.c'1717 ...
                  isInteger() entry, cursor = buc4;0;32;
                  entry array at tstab.c'1155 ...
                     isChar() entry, cursor = buc4;0;32;
                     getChar() = b
                  return NOMATCH from array at tstab.c'1225 ...
                  entry subrange at tstab.c'1452 ...
                     isChar() entry, cursor = buc4;0;32;
                     getChar() = b
                  return NOMATCH from subrange at tstab.c'1454 ...
                  entry proceduretype at tstab.c'1479 ...
                     isChar() entry, cursor = buc4;0;32;
                     getChar() = b
                  return NOMATCH from proceduretype at tstab.c'1553 ...
                  entry record at tstab.c'1560 ...
                     isChar() entry, cursor = buc4;0;32;
                     getChar() = b
                  return NOMATCH from record at tstab.c'1702 ...
                  isChar() entry, cursor = buc4;0;32;
                  getChar() = b
                  cursor string ... buc4;0;32;
                  newcursor string ... uc4;0;32;
                  accepting token ... b
                  entry typeid at tstab.c'2136 ...
                     entry typeidno at tstab.c'2127 ...
                        isInteger() entry, cursor = uc4;0;32;
                     return NOMATCH from typeidno at tstab.c'2129 ...
                     entry typeidsun at tstab.c'2106 ...
                        isChar() entry, cursor = uc4;0;32;
                        getChar() = u
                     return NOMATCH from typeidsun at tstab.c'2108 ...
                  return NOMATCH from typeid at tstab.c'2158 ...
               return NOTOK from typedef at tstab.c'1759 ...
            return NOTOK from typeidtail at tstab.c'2086 ...
         return NOTOK from typeid at tstab.c'2155 ...
      return NOTOK from namedtype at tstab.c'2216 ...
   return NOTOK from class at tstab.c'2509 ...
return NOTOK from stabstring at tstab.c'2544 ...
string NOT parsed ...
STARTING tstab ...
string to parse is ... <<<void:t(0,13)=bs0;0;0>>>

entry stabstring at tstab.c'2535 ...
   isName() entry, cursor = void:t(0,13)=bs0;0;0
   isName() = void
   cursor string ... void:t(0,13)=bs0;0;0
   newcursor string ... :t(0,13)=bs0;0;0
   accepting token ... void
   isChar() entry, cursor = :t(0,13)=bs0;0;0
   getChar() = :
   cursor string ... :t(0,13)=bs0;0;0
   newcursor string ... t(0,13)=bs0;0;0
   accepting token ... :
   entry class at tstab.c'2490 ...
      isChar() entry, cursor = t(0,13)=bs0;0;0
      getChar() = t
      entry namedtype at tstab.c'2208 ...
         isChar() entry, cursor = t(0,13)=bs0;0;0
         getChar() = t
         cursor string ... t(0,13)=bs0;0;0
         newcursor string ... (0,13)=bs0;0;0
         accepting token ... t
         entry typeid at tstab.c'2136 ...
            entry typeidno at tstab.c'2127 ...
               isInteger() entry, cursor = (0,13)=bs0;0;0
            return NOMATCH from typeidno at tstab.c'2129 ...
            entry typeidsun at tstab.c'2106 ...
               isChar() entry, cursor = (0,13)=bs0;0;0
               getChar() = (
               cursor string ... (0,13)=bs0;0;0
               newcursor string ... 0,13)=bs0;0;0
               accepting token ... (
               isInteger() entry, cursor = 0,13)=bs0;0;0
               isInteger() = 0
               cursor string ... 0,13)=bs0;0;0
               newcursor string ... ,13)=bs0;0;0
               accepting token ... 0
               isChar() entry, cursor = ,13)=bs0;0;0
               getChar() = ,
               cursor string ... ,13)=bs0;0;0
               newcursor string ... 13)=bs0;0;0
               accepting token ... ,
               isInteger() entry, cursor = 13)=bs0;0;0
               isInteger() = 13
               cursor string ... 13)=bs0;0;0
               newcursor string ... )=bs0;0;0
               accepting token ... 13
               isChar() entry, cursor = )=bs0;0;0
               getChar() = )
               cursor string ... )=bs0;0;0
               newcursor string ... =bs0;0;0
               accepting token ... )
            return OK from typeidsun at tstab.c'2122 ...
            entry typeidtail at tstab.c'2080 ...
               isChar() entry, cursor = =bs0;0;0
               getChar() = =
               cursor string ... =bs0;0;0
               newcursor string ... bs0;0;0
               accepting token ... =
               entry typedef at tstab.c'1717 ...
                  isInteger() entry, cursor = bs0;0;0
                  entry array at tstab.c'1155 ...
                     isChar() entry, cursor = bs0;0;0
                     getChar() = b
                  return NOMATCH from array at tstab.c'1225 ...
                  entry subrange at tstab.c'1452 ...
                     isChar() entry, cursor = bs0;0;0
                     getChar() = b
                  return NOMATCH from subrange at tstab.c'1454 ...
                  entry proceduretype at tstab.c'1479 ...
                     isChar() entry, cursor = bs0;0;0
                     getChar() = b
                  return NOMATCH from proceduretype at tstab.c'1553 ...
                  entry record at tstab.c'1560 ...
                     isChar() entry, cursor = bs0;0;0
                     getChar() = b
                  return NOMATCH from record at tstab.c'1702 ...
                  isChar() entry, cursor = bs0;0;0
                  getChar() = b
                  cursor string ... bs0;0;0
                  newcursor string ... s0;0;0
                  accepting token ... b
                  entry typeid at tstab.c'2136 ...
                     entry typeidno at tstab.c'2127 ...
                        isInteger() entry, cursor = s0;0;0
                     return NOMATCH from typeidno at tstab.c'2129 ...
                     entry typeidsun at tstab.c'2106 ...
                        isChar() entry, cursor = s0;0;0
                        getChar() = s
                     return NOMATCH from typeidsun at tstab.c'2108 ...
                  return NOMATCH from typeid at tstab.c'2158 ...
               return NOTOK from typedef at tstab.c'1759 ...
            return NOTOK from typeidtail at tstab.c'2086 ...
         return NOTOK from typeid at tstab.c'2155 ...
      return NOTOK from namedtype at tstab.c'2216 ...
   return NOTOK from class at tstab.c'2509 ...
return NOTOK from stabstring at tstab.c'2544 ...
string NOT parsed ...
starting ...
string to parse is ... <<<float:t(0,14)=R1;4;>>>

entry stabstring at tstab.c'2535 ...
   isName() entry, cursor = float:t(0,14)=R1;4;
   isName() = float
   cursor string ... float:t(0,14)=R1;4;
   newcursor string ... :t(0,14)=R1;4;
   accepting token ... float
   isChar() entry, cursor = :t(0,14)=R1;4;
   getChar() = :
   cursor string ... :t(0,14)=R1;4;
   newcursor string ... t(0,14)=R1;4;
   accepting token ... :
   entry class at tstab.c'2490 ...
      isChar() entry, cursor = t(0,14)=R1;4;
      getChar() = t
      entry namedtype at tstab.c'2208 ...
         isChar() entry, cursor = t(0,14)=R1;4;
         getChar() = t
         cursor string ... t(0,14)=R1;4;
         newcursor string ... (0,14)=R1;4;
         accepting token ... t
         entry typeid at tstab.c'2136 ...
            entry typeidno at tstab.c'2127 ...
               isInteger() entry, cursor = (0,14)=R1;4;
            return NOMATCH from typeidno at tstab.c'2129 ...
            entry typeidsun at tstab.c'2106 ...
               isChar() entry, cursor = (0,14)=R1;4;
               getChar() = (
               cursor string ... (0,14)=R1;4;
               newcursor string ... 0,14)=R1;4;
               accepting token ... (
               isInteger() entry, cursor = 0,14)=R1;4;
               isInteger() = 0
               cursor string ... 0,14)=R1;4;
               newcursor string ... ,14)=R1;4;
               accepting token ... 0
               isChar() entry, cursor = ,14)=R1;4;
               getChar() = ,
               cursor string ... ,14)=R1;4;
               newcursor string ... 14)=R1;4;
               accepting token ... ,
               isInteger() entry, cursor = 14)=R1;4;
               isInteger() = 14
               cursor string ... 14)=R1;4;
               newcursor string ... )=R1;4;
               accepting token ... 14
               isChar() entry, cursor = )=R1;4;
               getChar() = )
               cursor string ... )=R1;4;
               newcursor string ... =R1;4;
               accepting token ... )
            return OK from typeidsun at tstab.c'2122 ...
            entry typeidtail at tstab.c'2080 ...
               isChar() entry, cursor = =R1;4;
               getChar() = =
               cursor string ... =R1;4;
               newcursor string ... R1;4;
               accepting token ... =
               entry typedef at tstab.c'1717 ...
                  isInteger() entry, cursor = R1;4;
                  entry array at tstab.c'1155 ...
                     isChar() entry, cursor = R1;4;
                     getChar() = R
                  return NOMATCH from array at tstab.c'1225 ...
                  entry subrange at tstab.c'1452 ...
                     isChar() entry, cursor = R1;4;
                     getChar() = R
                  return NOMATCH from subrange at tstab.c'1454 ...
                  entry proceduretype at tstab.c'1479 ...
                     isChar() entry, cursor = R1;4;
                     getChar() = R
                     cursor string ... R1;4;
                     newcursor string ... 1;4;
                     accepting token ... R
                     entry numparams at tstab.c'1049 ...
                        isInteger() entry, cursor = 1;4;
                        isInteger() = 1
                        cursor string ... 1;4;
                        newcursor string ... ;4;
                        accepting token ... 1
                     return OK from numparams at tstab.c'1053 ...
                     isChar() entry, cursor = ;4;
                     getChar() = ;
                     cursor string ... ;4;
                     newcursor string ... 4;
                     accepting token ... ;
                     entry nametparamlist at tstab.c'1128 ...
                        entry nametplist at tstab.c'1112 ...
                           entry namedtparam at tstab.c'1058 ...
                              isName() entry, cursor = 4;
                              isName() = 4;
                              cursor string ... 4;
                              newcursor string ... 
                              accepting token ... 4;
                              isChar() entry, cursor = 
                           return NOTOK from namedtparam at tstab.c'1066 ...
                        return NOTOK from nametplist at tstab.c'1118 ...
                     return NOTOK from nametparamlist at tstab.c'1134 ...
                  return NOTOK from proceduretype at tstab.c'1532 ...
               return NOTOK from typedef at tstab.c'1742 ...
            return NOTOK from typeidtail at tstab.c'2086 ...
         return NOTOK from typeid at tstab.c'2155 ...
      return NOTOK from namedtype at tstab.c'2216 ...
   return NOTOK from class at tstab.c'2509 ...
return NOTOK from stabstring at tstab.c'2544 ...
string NOT parsed ...
STARTING tstab ...
string to parse is ... <<<double:t(0,15)=R2;8;>>>

entry stabstring at tstab.c'2535 ...
   isName() entry, cursor = double:t(0,15)=R2;8;
   isName() = double
   cursor string ... double:t(0,15)=R2;8;
   newcursor string ... :t(0,15)=R2;8;
   accepting token ... double
   isChar() entry, cursor = :t(0,15)=R2;8;
   getChar() = :
   cursor string ... :t(0,15)=R2;8;
   newcursor string ... t(0,15)=R2;8;
   accepting token ... :
   entry class at tstab.c'2490 ...
      isChar() entry, cursor = t(0,15)=R2;8;
      getChar() = t
      entry namedtype at tstab.c'2208 ...
         isChar() entry, cursor = t(0,15)=R2;8;
         getChar() = t
         cursor string ... t(0,15)=R2;8;
         newcursor string ... (0,15)=R2;8;
         accepting token ... t
         entry typeid at tstab.c'2136 ...
            entry typeidno at tstab.c'2127 ...
               isInteger() entry, cursor = (0,15)=R2;8;
            return NOMATCH from typeidno at tstab.c'2129 ...
            entry typeidsun at tstab.c'2106 ...
               isChar() entry, cursor = (0,15)=R2;8;
               getChar() = (
               cursor string ... (0,15)=R2;8;
               newcursor string ... 0,15)=R2;8;
               accepting token ... (
               isInteger() entry, cursor = 0,15)=R2;8;
               isInteger() = 0
               cursor string ... 0,15)=R2;8;
               newcursor string ... ,15)=R2;8;
               accepting token ... 0
               isChar() entry, cursor = ,15)=R2;8;
               getChar() = ,
               cursor string ... ,15)=R2;8;
               newcursor string ... 15)=R2;8;
               accepting token ... ,
               isInteger() entry, cursor = 15)=R2;8;
               isInteger() = 15
               cursor string ... 15)=R2;8;
               newcursor string ... )=R2;8;
               accepting token ... 15
               isChar() entry, cursor = )=R2;8;
               getChar() = )
               cursor string ... )=R2;8;
               newcursor string ... =R2;8;
               accepting token ... )
            return OK from typeidsun at tstab.c'2122 ...
            entry typeidtail at tstab.c'2080 ...
               isChar() entry, cursor = =R2;8;
               getChar() = =
               cursor string ... =R2;8;
               newcursor string ... R2;8;
               accepting token ... =
               entry typedef at tstab.c'1717 ...
                  isInteger() entry, cursor = R2;8;
                  entry array at tstab.c'1155 ...
                     isChar() entry, cursor = R2;8;
                     getChar() = R
                  return NOMATCH from array at tstab.c'1225 ...
                  entry subrange at tstab.c'1452 ...
                     isChar() entry, cursor = R2;8;
                     getChar() = R
                  return NOMATCH from subrange at tstab.c'1454 ...
                  entry proceduretype at tstab.c'1479 ...
                     isChar() entry, cursor = R2;8;
                     getChar() = R
                     cursor string ... R2;8;
                     newcursor string ... 2;8;
                     accepting token ... R
                     entry numparams at tstab.c'1049 ...
                        isInteger() entry, cursor = 2;8;
                        isInteger() = 2
                        cursor string ... 2;8;
                        newcursor string ... ;8;
                        accepting token ... 2
                     return OK from numparams at tstab.c'1053 ...
                     isChar() entry, cursor = ;8;
                     getChar() = ;
                     cursor string ... ;8;
                     newcursor string ... 8;
                     accepting token ... ;
                     entry nametparamlist at tstab.c'1128 ...
                        entry nametplist at tstab.c'1112 ...
                           entry namedtparam at tstab.c'1058 ...
                              isName() entry, cursor = 8;
                              isName() = 8;
                              cursor string ... 8;
                              newcursor string ... 
                              accepting token ... 8;
                              isChar() entry, cursor = 
                           return NOTOK from namedtparam at tstab.c'1066 ...
                        return NOTOK from nametplist at tstab.c'1118 ...
                     return NOTOK from nametparamlist at tstab.c'1134 ...
                  return NOTOK from proceduretype at tstab.c'1532 ...
               return NOTOK from typedef at tstab.c'1742 ...
            return NOTOK from typeidtail at tstab.c'2086 ...
         return NOTOK from typeid at tstab.c'2155 ...
      return NOTOK from namedtype at tstab.c'2216 ...
   return NOTOK from class at tstab.c'2509 ...
return NOTOK from stabstring at tstab.c'2544 ...
string NOT parsed ...
STARTING tstab ...
string to parse is ... <<<long double:t(0,16)=R6;16;>>>

entry stabstring at tstab.c'2535 ...
   isName() entry, cursor = long double:t(0,16)=R6;16;
   isName() = long double
   cursor string ... long double:t(0,16)=R6;16;
   newcursor string ... :t(0,16)=R6;16;
   accepting token ... long double
   isChar() entry, cursor = :t(0,16)=R6;16;
   getChar() = :
   cursor string ... :t(0,16)=R6;16;
   newcursor string ... t(0,16)=R6;16;
   accepting token ... :
   entry class at tstab.c'2490 ...
      isChar() entry, cursor = t(0,16)=R6;16;
      getChar() = t
      entry namedtype at tstab.c'2208 ...
         isChar() entry, cursor = t(0,16)=R6;16;
         getChar() = t
         cursor string ... t(0,16)=R6;16;
         newcursor string ... (0,16)=R6;16;
         accepting token ... t
         entry typeid at tstab.c'2136 ...
            entry typeidno at tstab.c'2127 ...
               isInteger() entry, cursor = (0,16)=R6;16;
            return NOMATCH from typeidno at tstab.c'2129 ...
            entry typeidsun at tstab.c'2106 ...
               isChar() entry, cursor = (0,16)=R6;16;
               getChar() = (
               cursor string ... (0,16)=R6;16;
               newcursor string ... 0,16)=R6;16;
               accepting token ... (
               isInteger() entry, cursor = 0,16)=R6;16;
               isInteger() = 0
               cursor string ... 0,16)=R6;16;
               newcursor string ... ,16)=R6;16;
               accepting token ... 0
               isChar() entry, cursor = ,16)=R6;16;
               getChar() = ,
               cursor string ... ,16)=R6;16;
               newcursor string ... 16)=R6;16;
               accepting token ... ,
               isInteger() entry, cursor = 16)=R6;16;
               isInteger() = 16
               cursor string ... 16)=R6;16;
               newcursor string ... )=R6;16;
               accepting token ... 16
               isChar() entry, cursor = )=R6;16;
               getChar() = )
               cursor string ... )=R6;16;
               newcursor string ... =R6;16;
               accepting token ... )
            return OK from typeidsun at tstab.c'2122 ...
            entry typeidtail at tstab.c'2080 ...
               isChar() entry, cursor = =R6;16;
               getChar() = =
               cursor string ... =R6;16;
               newcursor string ... R6;16;
               accepting token ... =
               entry typedef at tstab.c'1717 ...
                  isInteger() entry, cursor = R6;16;
                  entry array at tstab.c'1155 ...
                     isChar() entry, cursor = R6;16;
                     getChar() = R
                  return NOMATCH from array at tstab.c'1225 ...
                  entry subrange at tstab.c'1452 ...
                     isChar() entry, cursor = R6;16;
                     getChar() = R
                  return NOMATCH from subrange at tstab.c'1454 ...
                  entry proceduretype at tstab.c'1479 ...
                     isChar() entry, cursor = R6;16;
                     getChar() = R
                     cursor string ... R6;16;
                     newcursor string ... 6;16;
                     accepting token ... R
                     entry numparams at tstab.c'1049 ...
                        isInteger() entry, cursor = 6;16;
                        isInteger() = 6
                        cursor string ... 6;16;
                        newcursor string ... ;16;
                        accepting token ... 6
                     return OK from numparams at tstab.c'1053 ...
                     isChar() entry, cursor = ;16;
                     getChar() = ;
                     cursor string ... ;16;
                     newcursor string ... 16;
                     accepting token ... ;
                     entry nametparamlist at tstab.c'1128 ...
                        entry nametplist at tstab.c'1112 ...
                           entry namedtparam at tstab.c'1058 ...
                              isName() entry, cursor = 16;
                              isName() = 16;
                              cursor string ... 16;
                              newcursor string ... 
                              accepting token ... 16;
                              isChar() entry, cursor = 
                           return NOTOK from namedtparam at tstab.c'1066 ...
                        return NOTOK from nametplist at tstab.c'1118 ...
                     return NOTOK from nametparamlist at tstab.c'1134 ...
                  return NOTOK from proceduretype at tstab.c'1532 ...
               return NOTOK from typedef at tstab.c'1742 ...
            return NOTOK from typeidtail at tstab.c'2086 ...
         return NOTOK from typeid at tstab.c'2155 ...
      return NOTOK from namedtype at tstab.c'2216 ...
   return NOTOK from class at tstab.c'2509 ...
return NOTOK from stabstring at tstab.c'2544 ...
string NOT parsed ...
STARTING tstab ...
string to parse is ... <<<...:t(0,17)=buv4;0;32>>>

entry stabstring at tstab.c'2535 ...
   isName() entry, cursor = ...:t(0,17)=buv4;0;32
   isChar() entry, cursor = ...:t(0,17)=buv4;0;32
   getChar() = .
return NOMATCH from stabstring at tstab.c'2563 ...
string NOT parsed ...
STARTING tstab ...
string to parse is ... <<<bool:t(0,18)=bub1;0;8;>>>

entry stabstring at tstab.c'2535 ...
   isName() entry, cursor = bool:t(0,18)=bub1;0;8;
   isName() = bool
   cursor string ... bool:t(0,18)=bub1;0;8;
   newcursor string ... :t(0,18)=bub1;0;8;
   accepting token ... bool
   isChar() entry, cursor = :t(0,18)=bub1;0;8;
   getChar() = :
   cursor string ... :t(0,18)=bub1;0;8;
   newcursor string ... t(0,18)=bub1;0;8;
   accepting token ... :
   entry class at tstab.c'2490 ...
      isChar() entry, cursor = t(0,18)=bub1;0;8;
      getChar() = t
      entry namedtype at tstab.c'2208 ...
         isChar() entry, cursor = t(0,18)=bub1;0;8;
         getChar() = t
         cursor string ... t(0,18)=bub1;0;8;
         newcursor string ... (0,18)=bub1;0;8;
         accepting token ... t
         entry typeid at tstab.c'2136 ...
            entry typeidno at tstab.c'2127 ...
               isInteger() entry, cursor = (0,18)=bub1;0;8;
            return NOMATCH from typeidno at tstab.c'2129 ...
            entry typeidsun at tstab.c'2106 ...
               isChar() entry, cursor = (0,18)=bub1;0;8;
               getChar() = (
               cursor string ... (0,18)=bub1;0;8;
               newcursor string ... 0,18)=bub1;0;8;
               accepting token ... (
               isInteger() entry, cursor = 0,18)=bub1;0;8;
               isInteger() = 0
               cursor string ... 0,18)=bub1;0;8;
               newcursor string ... ,18)=bub1;0;8;
               accepting token ... 0
               isChar() entry, cursor = ,18)=bub1;0;8;
               getChar() = ,
               cursor string ... ,18)=bub1;0;8;
               newcursor string ... 18)=bub1;0;8;
               accepting token ... ,
               isInteger() entry, cursor = 18)=bub1;0;8;
               isInteger() = 18
               cursor string ... 18)=bub1;0;8;
               newcursor string ... )=bub1;0;8;
               accepting token ... 18
               isChar() entry, cursor = )=bub1;0;8;
               getChar() = )
               cursor string ... )=bub1;0;8;
               newcursor string ... =bub1;0;8;
               accepting token ... )
            return OK from typeidsun at tstab.c'2122 ...
            entry typeidtail at tstab.c'2080 ...
               isChar() entry, cursor = =bub1;0;8;
               getChar() = =
               cursor string ... =bub1;0;8;
               newcursor string ... bub1;0;8;
               accepting token ... =
               entry typedef at tstab.c'1717 ...
                  isInteger() entry, cursor = bub1;0;8;
                  entry array at tstab.c'1155 ...
                     isChar() entry, cursor = bub1;0;8;
                     getChar() = b
                  return NOMATCH from array at tstab.c'1225 ...
                  entry subrange at tstab.c'1452 ...
                     isChar() entry, cursor = bub1;0;8;
                     getChar() = b
                  return NOMATCH from subrange at tstab.c'1454 ...
                  entry proceduretype at tstab.c'1479 ...
                     isChar() entry, cursor = bub1;0;8;
                     getChar() = b
                  return NOMATCH from proceduretype at tstab.c'1553 ...
                  entry record at tstab.c'1560 ...
                     isChar() entry, cursor = bub1;0;8;
                     getChar() = b
                  return NOMATCH from record at tstab.c'1702 ...
                  isChar() entry, cursor = bub1;0;8;
                  getChar() = b
                  cursor string ... bub1;0;8;
                  newcursor string ... ub1;0;8;
                  accepting token ... b
                  entry typeid at tstab.c'2136 ...
                     entry typeidno at tstab.c'2127 ...
                        isInteger() entry, cursor = ub1;0;8;
                     return NOMATCH from typeidno at tstab.c'2129 ...
                     entry typeidsun at tstab.c'2106 ...
                        isChar() entry, cursor = ub1;0;8;
                        getChar() = u
                     return NOMATCH from typeidsun at tstab.c'2108 ...
                  return NOMATCH from typeid at tstab.c'2158 ...
               return NOTOK from typedef at tstab.c'1759 ...
            return NOTOK from typeidtail at tstab.c'2086 ...
         return NOTOK from typeid at tstab.c'2155 ...
      return NOTOK from namedtype at tstab.c'2216 ...
   return NOTOK from class at tstab.c'2509 ...
return NOTOK from stabstring at tstab.c'2544 ...
string NOT parsed ...
STARTING tstab ...
string to parse is ... <<<true:l(0,18);1>>>

entry stabstring at tstab.c'2535 ...
   isName() entry, cursor = true:l(0,18);1
   isName() = true
   cursor string ... true:l(0,18);1
   newcursor string ... :l(0,18);1
   accepting token ... true
   isChar() entry, cursor = :l(0,18);1
   getChar() = :
   cursor string ... :l(0,18);1
   newcursor string ... l(0,18);1
   accepting token ... :
   entry class at tstab.c'2490 ...
      isChar() entry, cursor = l(0,18);1
      getChar() = l
      entry namedtype at tstab.c'2208 ...
         isChar() entry, cursor = l(0,18);1
         getChar() = l
      return NOMATCH from namedtype at tstab.c'2224 ...
      entry parameter at tstab.c'2230 ...
         isChar() entry, cursor = l(0,18);1
         getChar() = l
      return NOMATCH from parameter at tstab.c'2261 ...
      entry procedure at tstab.c'2331 ...
         entry proc at tstab.c'2267 ...
            isChar() entry, cursor = l(0,18);1
            getChar() = l
         return NOMATCH from proc at tstab.c'2307 ...
      return NOMATCH from procedure at tstab.c'2335 ...
      entry variable at tstab.c'2344 ...
         entry typeid at tstab.c'2136 ...
            entry typeidno at tstab.c'2127 ...
               isInteger() entry, cursor = l(0,18);1
            return NOMATCH from typeidno at tstab.c'2129 ...
            entry typeidsun at tstab.c'2106 ...
               isChar() entry, cursor = l(0,18);1
               getChar() = l
            return NOMATCH from typeidsun at tstab.c'2108 ...
         return NOMATCH from typeid at tstab.c'2158 ...
         isChar() entry, cursor = l(0,18);1
         getChar() = l
      return NOMATCH from variable at tstab.c'2392 ...
      entry label at tstab.c'2399 ...
         isChar() entry, cursor = l(0,18);1
         getChar() = l
      return NOMATCH from label at tstab.c'2401 ...
   return NOMATCH from class at tstab.c'2530 ...
return NOTOK from stabstring at tstab.c'2544 ...
string NOT parsed ...
STARTING tstab ...
string to parse is ... <<<false:l(0,18);0>>>

entry stabstring at tstab.c'2535 ...
   isName() entry, cursor = false:l(0,18);0
   isName() = false
   cursor string ... false:l(0,18);0
   newcursor string ... :l(0,18);0
   accepting token ... false
   isChar() entry, cursor = :l(0,18);0
   getChar() = :
   cursor string ... :l(0,18);0
   newcursor string ... l(0,18);0
   accepting token ... :
   entry class at tstab.c'2490 ...
      isChar() entry, cursor = l(0,18);0
      getChar() = l
      entry namedtype at tstab.c'2208 ...
         isChar() entry, cursor = l(0,18);0
         getChar() = l
      return NOMATCH from namedtype at tstab.c'2224 ...
      entry parameter at tstab.c'2230 ...
         isChar() entry, cursor = l(0,18);0
         getChar() = l
      return NOMATCH from parameter at tstab.c'2261 ...
      entry procedure at tstab.c'2331 ...
         entry proc at tstab.c'2267 ...
            isChar() entry, cursor = l(0,18);0
            getChar() = l
         return NOMATCH from proc at tstab.c'2307 ...
      return NOMATCH from procedure at tstab.c'2335 ...
      entry variable at tstab.c'2344 ...
         entry typeid at tstab.c'2136 ...
            entry typeidno at tstab.c'2127 ...
               isInteger() entry, cursor = l(0,18);0
            return NOMATCH from typeidno at tstab.c'2129 ...
            entry typeidsun at tstab.c'2106 ...
               isChar() entry, cursor = l(0,18);0
               getChar() = l
            return NOMATCH from typeidsun at tstab.c'2108 ...
         return NOMATCH from typeid at tstab.c'2158 ...
         isChar() entry, cursor = l(0,18);0
         getChar() = l
      return NOMATCH from variable at tstab.c'2392 ...
      entry label at tstab.c'2399 ...
         isChar() entry, cursor = l(0,18);0
         getChar() = l
      return NOMATCH from label at tstab.c'2401 ...
   return NOMATCH from class at tstab.c'2530 ...
return NOTOK from stabstring at tstab.c'2544 ...
string NOT parsed ...
