
Number of Stations            : 21
Actual Simulation Time        : 300000006 usecs
Maximum Simulation Time       : 300000000 usecs
Calls Transmitted Over Cable  : 1534537
Calls Queued Waiting For Cable: 759099
Calls Actually Corrupted      : 18604
Bits Transmitted Over Cable   : 1006656272
Transmission Rate             : 3.356 Mbps

Station  Orig   QPass  QFail  QCable  Block  Coll   Fail   Term   Corr 
         Calls  Calls  Calls  Calls   Calls  Calls  Calls  Calls  Calls
-----------------------------------------------------------------------
000001   38513   4705      0   28086  11072  67950      8  74389    795
000002   38599   4749      0   28069  11200  68353      5  74473    835
000003   38014   4606      0   27836  11016  67332      6  75246    802
000004   38461   4789      0   27811  11137  68093      7  74936    842
000005   38532   4743      0   27901  11198  68657     10  74580    816
000006   38359   4594      0   27728  10982  67750      8  74565    874
000007   38378   4483      0   27827  11068  67725      7  74716    828
000008   38326   4636      0   27793  11055  67814      8  75127    841
000009   37727   4401      0   27416  10845  66748     10  74378    801
000010   38335   4594      0   27638  11138  67555      8  74425    809
000011   38368   4783      0   28200  11202  69055     12  74650    892
000012   38587   4722      0   27852  11267  68440     11  74573    850
000013   38222   4646      0   27906  10964  67941     10  74919    820
000014   38516   4553      0   28181  11106  68273      8  74868    900
000015   38749   5054      0   28258  11303  69145     14  74400    840
000016   38160   4860      0   28423  11114  68867      8  74552    891
000017   38443   4798      0   28124  11133  68323     14  75019    854
000018   38331   4647      0   28026  11150  68495      7  74868    857
000019   38426   4642      0   27879  11048  68128      6  75100    883
000020   38435   4492      0   28305  11198  68488     11  74887    837
000100  767795 449549    557  199840 180688 736600      0  38539    406
-----------------------------------------------------------------------
Totals  1535276 543046    557  759099 402884 2099732    178 1533210  17273

Station Avg     Avg    Avg      Avg    Avg    Inter  
        Station Cable  Back Off Trans  Call   Arrival
        Q Time  Q Time Time     Time   Time   Time   
        (usec)  (usec) (usec)   (usec) (usec) (usec) 
-----------------------------------------------------
000001     1717     29      818     77   2686    7789
000002     1653     29      804     77   2607    7772
000003     1716     30      810     77   2678    7891
000004     1874     29      817     77   2841    7800
000005     1664     29      789     77   2605    7785
000006     1670     29      781     77   2602    7820
000007     1579     29      771     77   2501    7816
000008     1719     29      796     77   2665    7827
000009     1645     29      779     77   2575    7951
000010     1624     29      783     77   2558    7825
000011     1837     30      831     77   2820    7819
000012     1700     29      804     77   2654    7774
000013     1794     30      810     77   2756    7848
000014     1645     30      783     77   2579    7788
000015     1937     30      829     77   2918    7742
000016     1811     30      850     77   2813    7861
000017     1704     30      790     77   2646    7803
000018     1683     29      798     77   2632    7826
000019     1645     29      790     77   2585    7807
000020     1616     30      791     77   2558    7805
000100     1393     11      108     77   1622     390
