hrdcpy a.out
 *********** DATA BEFORE SORTING *************
 data[  1] =     2.00000
 data[  2] =     1.00000
 data[  3] =     3.00000
 data[  4] =     4.00000
 data[  5] =     6.00000
 data[  6] =     1.50000
 data[  7] =    -4.00000
 data[  8] =    -5.00000
 data[  9] =    100.0000
 data[  10] =     200.000
 data[  11] =     34.2000
 data[  12] =     33.0000
 data[  13] =     23.0000
 data[  14] =    -300.000
 data[  15] =   -1000.000
 data[  16] =     2.03000
 data[  17] =     1.05000
 data[  18] =     44.0000
 data[  19] =    10.00000
 data[  20] =   0.
 *********** DATA AFTER SORTING *************
 data[  1] =   -1000.000
 data[  2] =    -300.000
 data[  3] =    -5.00000
 data[  4] =    -4.00000
 data[  5] =   0.
 data[  6] =     1.00000
 data[  7] =     1.05000
 data[  8] =     1.50000
 data[  9] =     2.00000
 data[  10] =     2.03000
 data[  11] =     3.00000
 data[  12] =     4.00000
 data[  13] =     6.00000
 data[  14] =    10.00000
 data[  15] =     23.0000
 data[  16] =     33.0000
 data[  17] =     34.2000
 data[  18] =     44.0000
 data[  19] =    100.0000
 data[  20] =     200.000
hrdcpy exit
