hrdcpy f18 < f18.in2
 enter number of points 
 enter (x, y) point:
 a =    -45.2667 b =     16.0000 x2 =     4088.93
  x =     1.00000 y =     1.00000 f(x) =    -29.2667 delta =     30.2667
  x =     2.00000 y =     4.00000 f(x) =    -13.2667 delta =     17.2667
  x =     3.00000 y =     9.00000 f(x) =     2.73333 delta =     6.26667
  x =     4.00000 y =     16.0000 f(x) =     18.7333 delta =     2.73333
  x =     5.00000 y =     25.0000 f(x) =     34.7333 delta =     9.73334
  x =     6.00000 y =     36.0000 f(x) =     50.7333 delta =     14.7333
  x =     7.00000 y =     49.0000 f(x) =     66.7333 delta =     17.7333
  x =     8.00000 y =     65.0000 f(x) =     82.7333 delta =     17.7333
  x =     9.00000 y =     81.0000 f(x) =     98.7333 delta =     17.7333
  x =    10.00000 y =    100.0000 f(x) =     114.733 delta =     14.7333
  x =     11.0000 y =     121.000 f(x) =     130.733 delta =     9.73334
  x =     12.0000 y =     144.000 f(x) =     146.733 delta =     2.73334
  x =     13.0000 y =     169.000 f(x) =     162.733 delta =     6.26666
  x =     14.0000 y =     196.000 f(x) =     178.733 delta =     17.2667
  x =     15.0000 y =     225.000 f(x) =     194.733 delta =     30.2667
STOP: all done with test linearfit
hrdcpy exit
