hrdcpy f20
 enter [a, b] ...
-5 5
 enter epsilon ...
0.001
 [a, b] = [   -5.00000,    5.00000]
 f(a) =    -509.000 f(b) =     11.0000
 c =   0. f(c) =    -24.0000
 [a, b] = [  0.,    5.00000]
 f(a) =    -24.0000 f(b) =     11.0000
 c =     2.50000 f(c) =     2.87500
 [a, b] = [  0.,    2.50000]
 f(a) =    -24.0000 f(b) =     2.87500
 c =     1.25000 f(c) =    -2.35938
 [a, b] = [    1.25000,    2.50000]
 f(a) =    -2.35938 f(b) =     2.87500
 c =     1.87500 f(c) =     1.57617
 [a, b] = [    1.25000,    1.87500]
 f(a) =    -2.35938 f(b) =     1.57617
 c =     1.56250 f(c) =     2.95410E-02
 [a, b] = [    1.25000,    1.56250]
 f(a) =    -2.35938 f(b) =     2.95410E-02
 c =     1.40625 f(c) =    -1.04819
 [a, b] = [    1.40625,    1.56250]
 f(a) =    -1.04819 f(b) =     2.95410E-02
 c =     1.48438 f(c) =   -0.481571
 [a, b] = [    1.48438,    1.56250]
 f(a) =   -0.481571 f(b) =     2.95410E-02
 c =     1.52344 f(c) =   -0.219256
 [a, b] = [    1.52344,    1.56250]
 f(a) =   -0.219256 f(b) =     2.95410E-02
 c =     1.54297 f(c) =    -9.31900E-02
 [a, b] = [    1.54297,    1.56250]
 f(a) =    -9.31900E-02 f(b) =     2.95410E-02
 c =     1.55273 f(c) =    -3.14105E-02
 [a, b] = [    1.55273,    1.56250]
 f(a) =    -3.14105E-02 f(b) =     2.95410E-02
 c =     1.55762 f(c) =    -8.31604E-04
 [a, b] = [    1.55762,    1.56250]
 f(a) =    -8.31604E-04 f(b) =     2.95410E-02
 c =     1.56006 f(c) =     1.43805E-02
 [a, b] = [    1.55762,    1.56006]
 f(a) =    -8.31604E-04 f(b) =     1.43805E-02
 c =     1.55884 f(c) =     6.78110E-03
 [a, b] = [    1.55762,    1.55884]
 f(a) =    -8.31604E-04 f(b) =     6.78110E-03
 c =     1.55823 f(c) =     2.97618E-03
 root is ...     1.55792
 enter [a, b] ...
-5 5
 enter epsilon ...
0.001
 [a, b] = [   -5.00000,    5.00000]
 f(a) =    -99995.0 f(b) =     5.00000
 c =   0. f(c) =    -3120.00
 [a, b] = [  0.,    5.00000]
 f(a) =    -3120.00 f(b) =     5.00000
 c =     2.50000 f(c) =    -92.6562
 [a, b] = [    2.50000,    5.00000]
 f(a) =    -92.6562 f(b) =     5.00000
 c =     3.75000 f(c) =     1.94824
 [a, b] = [    2.50000,    3.75000]
 f(a) =    -92.6562 f(b) =     1.94824
 c =     3.12500 f(c) =    -18.1743
 [a, b] = [    3.12500,    3.75000]
 f(a) =    -18.1743 f(b) =     1.94824
 c =     3.43750 f(c) =    -4.31323
 [a, b] = [    3.43750,    3.75000]
 f(a) =    -4.31323 f(b) =     1.94824
 c =     3.59375 f(c) =   -0.499367
 [a, b] = [    3.59375,    3.75000]
 f(a) =   -0.499367 f(b) =     1.94824
 c =     3.67188 f(c) =    0.867672
 [a, b] = [    3.59375,    3.67188]
 f(a) =   -0.499367 f(b) =    0.867672
 c =     3.63281 f(c) =    0.223163
 [a, b] = [    3.59375,    3.63281]
 f(a) =   -0.499367 f(b) =    0.223163
 c =     3.61328 f(c) =   -0.127928
 [a, b] = [    3.61328,    3.63281]
 f(a) =   -0.127928 f(b) =    0.223163
 c =     3.62305 f(c) =     5.01075E-02
 [a, b] = [    3.61328,    3.62305]
 f(a) =   -0.127928 f(b) =     5.01075E-02
 c =     3.61816 f(c) =    -3.82814E-02
 [a, b] = [    3.61816,    3.62305]
 f(a) =    -3.82814E-02 f(b) =     5.01075E-02
 c =     3.62061 f(c) =     6.06966E-03
 [a, b] = [    3.61816,    3.62061]
 f(a) =    -3.82814E-02 f(b) =     6.06966E-03
 c =     3.61938 f(c) =    -1.60666E-02
 [a, b] = [    3.61938,    3.62061]
 f(a) =    -1.60666E-02 f(b) =     6.06966E-03
 c =     3.62000 f(c) =    -4.98867E-03
 root is ...     3.62030
hrdcpy quit
sh: quit:  not found
hrdcpy exit
