hrdcpy a.out
 TEMPERATURE TYPE, ENTER C OR F: 
S
 ERROR: ENTER C OR F. TRY AGAIN.
 TEMPERATURE TYPE, ENTER C OR F: 
R
 ERROR: ENTER C OR F. TRY AGAIN.
 TEMPERATURE TYPE, ENTER C OR F: 
C
 ENTER DEGREES CELSIUS: 
100
 TEMPERATURE IS     212.000 FAHRENHEIT          
hrdcpy a.out
 TEMPERATURE TYPE, ENTER C OR F: 
F
 ENTER DEGREES FAHRENHEIT: 
98.6
 TEMPERATURE IS     37.0000 CELSIUS             
hrdcpy a.out
 TEMPERATURE TYPE, ENTER C OR F: 
C
 ENTER DEGREES CELSIUS: 
0
 TEMPERATURE IS     32.0000 FAHRENHEIT          
hrdcpy exit
