entry stabstring at tstab.c'2511 ...
isName() = char
cursor string ... char:t(0,1)=bsc1;0;8;
newcursor string ... :t(0,1)=bsc1;0;8;
accepting token ... char
getChar() = :
cursor string ... :t(0,1)=bsc1;0;8;
newcursor string ... t(0,1)=bsc1;0;8;
accepting token ... :
entry class at tstab.c'2479 ...
getChar() = t
entry namedtype at tstab.c'2197 ...
getChar() = t
cursor string ... t(0,1)=bsc1;0;8;
newcursor string ... (0,1)=bsc1;0;8;
accepting token ... t
entry typeid at tstab.c'2125 ...
entry typeidno at tstab.c'2116 ...
return NOMATCH at tstab.c'2118 ...
entry typeidsun at tstab.c'2095 ...
getChar() = (
cursor string ... (0,1)=bsc1;0;8;
newcursor string ... 0,1)=bsc1;0;8;
accepting token ... (
isInteger() = 0
cursor string ... 0,1)=bsc1;0;8;
newcursor string ... ,1)=bsc1;0;8;
accepting token ... 0
getChar() = ,
cursor string ... ,1)=bsc1;0;8;
newcursor string ... 1)=bsc1;0;8;
accepting token ... ,
isInteger() = 1
cursor string ... 1)=bsc1;0;8;
newcursor string ... )=bsc1;0;8;
accepting token ... 1
getChar() = )
cursor string ... )=bsc1;0;8;
newcursor string ... =bsc1;0;8;
accepting token ... )
return OK at tstab.c'2111 ...
entry typeidtail at tstab.c'2069 ...
getChar() = =
cursor string ... =bsc1;0;8;
newcursor string ... bsc1;0;8;
accepting token ... =
entry typedef at tstab.c'1706 ...
entry array at tstab.c'1144 ...
getChar() = b
return NOMATCH at tstab.c'1214 ...
entry subrange at tstab.c'1441 ...
getChar() = b
return NOMATCH at tstab.c'1443 ...
entry proceduretype at tstab.c'1468 ...
getChar() = b
return NOMATCH at tstab.c'1542 ...
entry record at tstab.c'1549 ...
getChar() = b
return NOMATCH at tstab.c'1691 ...
getChar() = b
cursor string ... bsc1;0;8;
newcursor string ... sc1;0;8;
accepting token ... b
entry typeid at tstab.c'2125 ...
entry typeidno at tstab.c'2116 ...
return NOMATCH at tstab.c'2118 ...
entry typeidsun at tstab.c'2095 ...
getChar() = s
return NOMATCH at tstab.c'2097 ...
return NOMATCH at tstab.c'2147 ...
return NOTOK at tstab.c'1748 ...
return NOTOK at tstab.c'2075 ...
return NOTOK at tstab.c'2144 ...
return NOTOK at tstab.c'2205 ...
entry parameter at tstab.c'2219 ...
getChar() = s
return NOMATCH at tstab.c'2250 ...
return NOMATCH at tstab.c'2506 ...
return NOTOK at tstab.c'2520 ...
string NOT parsed ...
