AppendKeyStateMessage strcpy
AppendKeyStateMessage strcat
AppendKeyStateMessage strcat
AppendKeyStateMessage strcat
AppendKeyStateMessage strcat
AppendKeyStateMessage strcat
AppendKeyStateMessage strcat
AppendKeyStateMessage strcat
AppendKeyStateMessage strcat
AppendKeyStateMessage strcat
AppendKeyStateMessage strcat
AppendKeyStateMessage strcat
AppendKeyStateMessage strcat
AppendKeyStateMessage strcat
AppendKeyStateMessage strlen
AppendKeyStateMessage printf
FindParameter strlen
FindParameter strncmp
LoadBitmap XReadBitmapFile
SaveBitmap XWriteBitmapFile
SetClassHints XSetClassHint
AllocNamedColor XAllocNamedColor
SetUpColormap DefaultVisual
SetUpColormap DefaultColormap
SetUpColormap DefaultVisual
SetUpColormap XCreateColormap
SetUpColormap XSetWindowColormap
SetUpColormap DefaultColormap
ConnectToServer XOpenDisplay
ConnectToServer ERRORS
ConnectToServer XDisplayName
ConnectToServer exit
ConnectToServer DefaultScreen
ConnectToServer RootWindow
DrawItem MaintainUndo
DrawItem DrawShape
DrawItem DrawShape
DrawShape XDrawLine
DrawShape XDrawPoint
DrawShape XDrawRectangle
DrawShape XFillRectangle
DrawShape DrawOval
DrawShape FillOval
DrawShape strlen
DrawShape XDrawImageString
DrawShape strlen
SetDrawAppColor XSetForeground
SetDrawAppColor XSetBackground
SetDrawAppColor XSetForeground
SetDrawAppColor XSetBackground
SetDrawAppColor XSetForeground
SetDrawAppColor XSetBackground
SetDrawAppColor XSetForeground
SetDrawAppColor XSetBackground
CreateEditingGCs CreateXorGC
CreateEditingGCs CreateGC
CreateEditingGCs CreateGC
CreateEditingGCs XSetFont
CreateEditingGCs XSetFont
CreateEditingWindow FindParameter
CreateEditingWindow sscanf
CreateEditingWindow CreateToolWindow
CreateEditingWindow ToolSetGroup
CreateEditingWindow ToolSetFunctions
CreateEditingWindow ToolGetWindow
CreateEditingWindow CreateEditingGCs
CreateEditingWindow CreateDrawingPixmap
CreateEditingWindow CreateUndoPixmap
CreateEditingWindow ERROR
CreateEditingWindow XCloseDisplay
CreateEditingWindow exit
ResizeEditingWindow ToolResize
EditingDrawFunc UpdateWindowFromBitmap
EditingEventFunc DrawShape
EditingEventFunc DrawItem
EditingEventFunc EditText
EditingEventFunc DrawShape
SetDrawingColor ToolGetDisplay
SetDrawingColor SetDrawAppColor
WipeOut ToolGetDisplay
WipeOut SetDrawAppColor
WipeOut DrawItem
WipeOut SetDrawAppColor
WipeOut UnhighlightPushButton
WipeOut XFlush
EditText isprint
EditText strcat
EditText DrawItem
EditText strlen
EditText ToolRedraw
EditText DrawShape
PopUpLoadFile SetDialogData
PopUpLoadFile SetDialogPrompt
PopUpLoadFile SetDialogCallback
PopUpLoadFile PopUpDialog
PopUpLoadFile UnhighlightPushButton
LoadFile UnhighlightPushButton
LoadFile PopDownDialog
LoadFile GetDialogData
LoadFile LoadDrawappFile
LoadFile ToolGetDisplay
LoadDrawappFile LoadBitmap
LoadDrawappFile ERRORS
LoadDrawappFile DestroyUndoPixmap
LoadDrawappFile DestroyDrawPixmap
LoadDrawappFile CreateUndoPixmap
LoadDrawappFile CreateDrawingPixmap
LoadDrawappFile ResizeEditingWindow
LoadDrawappFile CopyPlane
LoadDrawappFile XFlush
LoadDrawappFile XFreePixmap
LoadDrawappFile ToolRedraw
LoadDrawappFile SetFileName
LoadDrawappFile XFlush
CheckForFileLoad FindParameter
CheckForFileLoad FindParameter
CheckForFileLoad LoadDrawappFile
SaveFile ToolGetDisplay
SaveFile GetDialogData
SaveFile SaveBitmap
SaveFile ERRORS
SaveFile UnhighlightPushButton
SetFileName strncpy
SetFileName SetDialogData
SetFileName sprintf
SetFileName SetWindowName
Quit SaveFile
Quit SetDialogData
Quit SetDialogPrompt
Quit SetDialogCallback
Quit SetDialogCancelCallback
Quit PopUpDialog
Quit exit
ReallyQuit exit
HandleMetaKey PushButtonEvent
HandleMetaKey ToolGetDisplay
CreateDrawingPixmap XCreatePixmap
CreateDrawingPixmap CreateGC
CreateDrawingPixmap XFillRectangle
CreateDrawingPixmap XSetForeground
CreateDrawingPixmap XSetFont
DestroyDrawPixmap XFreePixmap
DestroyDrawPixmap XFreeGC
CreateUndoPixmap XCreatePixmap
CreateUndoPixmap CreateGC
CreateUndoPixmap XFillRectangle
CreateUndoPixmap XSetForeground
DestroyUndoPixmap XFreePixmap
DestroyUndoPixmap XFreeGC
MaintainUndo CopyPlane
Undo ToolGetDisplay
Undo SetDrawAppColor
Undo CopyPlane
Undo CopyPlane
Undo SetDrawAppColor
Undo UnhighlightPushButton
Undo XFlush
TRACE fprintf
DUMPS fprintf
DUMPL fprintf
DUMPX fprintf
DUMPI fprintf
DUMPF fprintf
RETURN TRACE
ERROR fprintf
ERRORS fprintf
ERRORI fprintf
CreateDialog QueryPointer
CreateDialog FontHeight
CreateDialog CreateTransientWindow
CreateDialog CreateGC
CreateDialog XSetFont
CreateDialog FontHeight
CreateDialog CreateTextLabel
CreateDialog CreateTextEntry
CreateDialog CreatePushButton
CreateDialog CreatePushButton
PopDownDialog UnhighlightPushButton
PopDownDialog ToolGetDisplay
PopDownDialog XUnmapWindow
PopDownDialog XFlush
PopUpDialog ToolGetDisplay
PopUpDialog QueryPointer
PopUpDialog XMoveWindow
PopUpDialog XMapRaised
PopUpDialog XMapSubwindows
PopUpDialog XFlush
GetDialogData ToolGetName
SetDialogCallback ToolSetUserFunc
SetDialogCallback ToolSetUserFunc
SetDialogCancelCallback ToolSetUserFunc
SetDialogData ToolSetName
SetDialogData ToolClear
SetDialogData ToolRedraw
SetDialogPrompt ToolSetName
SetDialogPrompt ToolClear
SetDialogPrompt ToolRedraw
FindDisplayName FindParameter
FindDisplayName strcpy
OpenDisplay FindDisplayName
OpenDisplay ConnectToServer
CreateButtons FontHeight
CreateButtons CreatePushButton
CreateButtons ToolSetGroup
CreateButtons ToolSetState
CreateButtons CreatePushButton
CreateButtons ToolSetGroup
CreateButtons CreatePushButton
CreateButtons ToolSetGroup
CreateButtons CreatePushButton
CreateButtons ToolSetGroup
CreateButtons CreatePushButton
CreateButtons ToolSetGroup
CreateButtons CreatePushButton
CreateButtons ToolSetGroup
CreateButtons CreatePushButton
CreateButtons ToolSetGroup
CreateButtons CreatePushButton
CreateButtons ToolSetGroup
CreateButtons ToolSetState
CreateButtons CreatePushButton
CreateButtons ToolSetGroup
CreateButtons CreatePushButton
CreateButtons CreatePushButton
CreateButtons CreatePushButton
CreateButtons CreatePushButton
CreateButtons CreatePushButton
EventLoop XNextEvent
EventLoop ToolEvent
EventLoop DecodeKeyPress
EventLoop IsMetaKey
EventLoop HandleMetaKey
main StartupX
main strcpy
main LoadFontName
main DefaultVisual
main DefaultDepth
main SetUpVisual
main ERROR
main FontHeight
main TopWindow
main DefaultColormap
main SetUpColormap
main ERROR
main BlackPixel
main WhitePixel
main WhitePixel
main BlackPixel
main AllocNamedColor
main BlackPixel
main AllocNamedColor
main WhitePixel
main AllocNamedColor
main WhitePixel
main AllocNamedColor
main BlackPixel
main LoadIcon
main CreateGC
main XSetFont
main CreateEditingWindow
main CreateButtons
main CreateDialog
main SetFileName
main CheckForFileLoad
main XMapRaised
main XMapSubwindows
main XFlush
main EventLoop
main Quit
main exit
DrawString XDrawImageString
DrawString strlen
TextEntryEvent ToolGetName
TextEntryEvent isprint
TextEntryEvent strcat
TextEntryEvent ToolSetName
TextEntryEvent ToolSetForeground
TextEntryEvent ToolDrawName
TextEntryEvent ToolExec
TextEntryEvent strlen
TextEntryEvent ToolSetName
TextEntryEvent ToolClear
TextEntryEvent ToolHighlight
TextEntryEvent ToolSetForeground
TextEntryEvent ToolDrawName
TextEntryDraw ToolHighlight
TextEntryDraw ToolSetForeground
TextEntryDraw ToolDrawName
CreateTextEntry CreateToolWindow
CreateTextEntry ToolSetName
CreateTextEntry ToolSetGC
CreateTextEntry ToolSetForeground
CreateTextEntry ToolSetBackground
CreateTextEntry ToolSetFont
CreateTextEntry ToolSetGroup
CreateTextEntry ToolSetFunctions
SetErrorHandlers XSetErrorHandler
SetErrorHandlers XSetIOErrorHandler
ErrorHandler XGetErrorText
ErrorHandler fprintf
ErrorHandler fprintf
ErrorHandler fprintf
ErrorHandler fprintf
ErrorHandler fprintf
ErrorHandler DisplayString
FatalErrorHandler fprintf
FatalErrorHandler DisplayString
FatalErrorHandler exit
LoadFontName FindParameter
LoadFontName strcpy
LoadFontName FindParameter
LoadFontName strcpy
LoadFontName LoadFont
CreateGC XCreateGC
FindGeometry FindParameter
FindGeometry strcpy
ParseGeometry XParseGeometry
CheckGeometry FindGeometry
CheckGeometry ParseGeometry
LoadIcon LoadBitmap
LoadIcon SetWindowIcon
SetWindowIcon XGetWMHints
SetWindowIcon malloc
SetWindowIcon XSetWMHints
SetWindowIcon XFree
SetWindowIcon XSetIconName
DecodeKeyPress XLookupString
DecodeKeyPress IsMetaQ
IsMetaQ IsMetaKey
LabelDraw ToolSetForeground
LabelDraw ToolDrawName
CreateTextLabel CreateToolWindow
CreateTextLabel ToolSetName
CreateTextLabel ToolSetGC
CreateTextLabel ToolSetForeground
CreateTextLabel ToolSetBackground
CreateTextLabel ToolSetFont
CreateTextLabel ToolSetGroup
CreateTextLabel ToolSetFunctions
LoadFont XLoadQueryFont
LoadFont XLoadQueryFont
LoadFont ERRORS
LoadFont ERRORS
LoadFont XCloseDisplay
LoadFont exit
DrawOval XDrawArc
FillOval XFillArc
UpdateWindowFromBitmap CopyPlane
CopyPlane XCopyPlane
setSeed srand48
PushButtonEvent ToolHighlightGroup
PushButtonEvent ToolGetGroup
PushButtonEvent ToolSetState
PushButtonEvent ToolHighlight
PushButtonEvent XFlush
PushButtonEvent ToolExec
PushButtonDraw ToolGetState
PushButtonDraw ToolHighlight
PushButtonDraw ToolHighlight
PushButtonDraw ToolSetForeground
PushButtonDraw ToolDrawName
UnhighlightPushButton ToolSetState
UnhighlightPushButton ToolHighlight
CreatePushButton CreateToolWindow
CreatePushButton ToolSetName
CreatePushButton ToolSetGC
CreatePushButton ToolSetForeground
CreatePushButton ToolSetBackground
CreatePushButton ToolSetFont
CreatePushButton ToolSetFunctions
CreatePushButton ERRORI
QueryPointer DefaultScreen
QueryPointer XQueryPointer
QueryPointer RootWindow
SetSizeHints FillSizeHints
SetSizeHints XSetWMNormalHints
SetSizeHints XSetNormalHints
StartupX CheckForHelp
StartupX exit
StartupX OpenDisplay
StartupX SetErrorHandlers
StartupX BlackPixel
StartupX WhitePixel
CreateToolWindow ERRORI
CreateToolWindow TWA
CreateToolWindow OpenWindow
CreateToolWindow TWA
CreateToolWindow ERRORI
CreateToolWindow TWA
CreateToolWindow TWA
CreateToolWindow TWA
CreateToolWindow TWA
CreateToolWindow TWA
CreateToolWindow TWA
CreateToolWindow TWA
CreateToolWindow TWA
CreateToolWindow TWA
CreateToolWindow TWA
CreateToolWindow TWA
ToolGetDisplay ID_OK
ToolGetDisplay TWA
ToolGetDisplay ERRORI
ToolGetDisplay TWA
ToolGetWindow ID_OK
ToolGetWindow TWA
ToolGetWindow ERRORI
ToolGetWindow TWA
ToolSetBackground ID_OK
ToolSetBackground XSetBackground
ToolSetBackground TWA
ToolSetBackground ERRORI
ToolSetForeground ID_OK
ToolSetForeground XSetForeground
ToolSetForeground TWA
ToolSetForeground ERRORI
ToolSetGC ID_OK
ToolSetGC TWA
ToolSetGC ERRORI
ToolSetFont ID_OK
ToolSetFont TWA
ToolSetFont XSetFont
ToolSetFont TWA
ToolSetFont TWA
ToolSetFont ERRORI
ToolGetGroup ID_OK
ToolGetGroup TWA
ToolGetGroup ERRORI
ToolSetGroup ID_OK
ToolSetGroup TWA
ToolSetGroup ERRORI
ToolGetState ID_OK
ToolGetState TWA
ToolGetState ERRORI
ToolSetState ID_OK
ToolSetState TWA
ToolGetName ID_OK
ToolGetName strcpy
ToolGetName TWA
ToolSetName ID_OK
ToolSetName strlen
ToolSetName strcpy
ToolSetName TWA
ToolSetName ERRORI
ToolCenterText ID_OK
ToolCenterText FontHeight
ToolCenterText TWA
ToolCenterText XTextWidth
ToolCenterText TWA
ToolCenterText strlen
ToolCenterText TWA
ToolCenterText TWA
ToolCenterText XDrawImageString
ToolCenterText TWA
ToolCenterText TWA
ToolCenterText strlen
ToolCenterText ERRORI
ToolDrawName ToolGetName
ToolDrawName ToolCenterText
ToolSetFunctions ID_OK
ToolSetFunctions TWA
ToolSetFunctions TWA
ToolSetFunctions TWA
ToolSetFunctions ERRORI
ToolSetUserFunc ID_OK
ToolSetUserFunc TWA
ToolSetUserFunc ERRORI
ToolExec ID_OK
ToolExec TWA
ToolExec ERRORI
ToolHighlightGroup ToolGetGroup
ToolHighlightGroup ToolHighlight
ToolHighlight ID_OK
ToolHighlight ToolSetForeground
ToolHighlight ToolDrawLine
ToolHighlight TWA
ToolHighlight ToolDrawLine
ToolHighlight TWA
ToolHighlight ToolDrawLine
ToolHighlight TWA
ToolHighlight ToolDrawLine
ToolHighlight TWA
ToolHighlight ToolSetForeground
ToolHighlight ToolDrawLine
ToolHighlight TWA
ToolHighlight TWA
ToolHighlight ToolDrawLine
ToolHighlight TWA
ToolHighlight TWA
ToolHighlight ToolDrawLine
ToolHighlight TWA
ToolHighlight TWA
ToolHighlight ToolDrawLine
ToolHighlight TWA
ToolHighlight TWA
ToolDrawLine ID_OK
ToolDrawLine XDrawLine
ToolDrawLine TWA
ToolDrawLine TWA
ToolDrawLine ERRORI
ToolClear ID_OK
ToolClear XClearWindow
ToolClear TWA
ToolClear ERRORI
ToolRedraw ID_OK
ToolRedraw TWA
ToolRedraw TWA
ToolRedraw DispatchEvent
ToolRedraw ERRORI
ToolResize ID_OK
ToolResize TWA
ToolResize TWA
ToolResize TWA
ToolResize TWA
ToolResize XResizeWindow
ToolResize TWA
ToolResize TWA
ToolResize ERRORI
ToolEvent TWA
ToolEvent DispatchEvent
ToolEvent ERRORI
DispatchEvent TWA
DispatchEvent DecodeKeyPress
DispatchEvent TWA
DispatchEvent XRefreshKeyboardMapping
DispatchEvent TWA
TopWindow DefaultScreen
TopWindow CheckGeometry
TopWindow DisplayWidth
TopWindow DisplayHeight
TopWindow OpenWindow
TopWindow SetSizeHints
TopWindow SetClassHints
TopWindow FindWindowName
TopWindow FindInitialState
TopWindow SetWMHints
TopWindow XSetCommand
FindInitialState FindParameter
FindWindowName strcpy
FindWindowName FindParameter
FindWindowName strcpy
FindWindowName FindParameter
FindWindowName strcpy
FindWindowName SetWindowName
CreateTransientWindow OpenWindow
CreateTransientWindow XSetTransientForHint
CreateTransientWindow SetStandardHints
CreateTransientWindow XSetWindowColormap
CreateTransientWindow XSetWindowBackground
ProbDist init
ProbDist init
ProbDist init
randomSample drand48
CheckForHelp FindParameter
CheckForHelp PrintUsageMessage
PrintUsageMessage fprintf
PrintUsageMessage fprintf
PrintUsageMessage fprintf
PrintUsageMessage fprintf
PrintUsageMessage fprintf
PrintUsageMessage fprintf
PrintUsageMessage fprintf
PrintUsageMessage fprintf
PrintUsageMessage fprintf
SetUpVisual DefaultVisual
SetUpVisual DefaultVisual
SetUpVisual DefaultDepth
SetUpVisual XGetVisualInfo
SetUpVisual XFree
OpenWindow XCreateWindow
SetStandardHints SetSizeHints
SetStandardHints SetWindowName
SetStandardHints SetWMHints
SetWMHints XSetWMHints
SetWindowName XStoreName
CreateXorGC XCreateGC
defined ___errno
errno ___errno
_POLY2 _POLY1
_POLY3 _POLY2
_POLY4 _POLY3
_POLY5 _POLY4
_POLY6 _POLY5
_POLY7 _POLY6
_POLY8 _POLY7
_POLY9 _POLY8
_bufend fileno
_bufend _realbufend
_bufsiz _bufend
getc __filbuf
putc __flsbuf
getc _filbuf
putc _flsbuf
getchar getc
putchar putc
getc_unlocked __filbuf
putc_unlocked __flsbuf
getc_unlocked _filbuf
putc_unlocked _flsbuf
getchar_unlocked getc_unlocked
putchar_unlocked putc_unlocked
defined memccpy
defined defined
defined defined
defined strdup
defined strsignal
defined ffs
defined strcasecmp
defined strncasecmp
defined strcpy
defined strncpy
defined strcat
defined strncat
defined strchr
defined strrchr
defined strpbrk
defined strtok
defined defined
defined strtok_r
defined strstr
defined strcmp
defined strncmp
defined strlen
defined strspn
defined strcspn
defined memccpy
defined memchr
defined memcpy
defined memmove
defined memset
defined memcmp
defined defined
defined strdup
defined strsignal
defined ffs
defined strcasecmp
defined strncasecmp
timercmp cmp
timercmp cmp
defined defined
defined defined
defined defined
defined defined
defined defined
defined defined
defined defined
defined defined
defined tod_get
defined tod_set
defined utc_to_tod
defined tod_to_utc
defined gethrtime
defined gethrestime
defined hrt2ts
defined ts2hrt
defined itimerfix
defined itimerdecr
defined timevaladd
defined timevalsub
defined timevalfix
defined defined
defined defined
defined defined
defined adjtime
defined getitimer
defined setitimer
defined defined
defined gettimeofday
defined settimeofday
defined gettimeofday
defined settimeofday
defined gethrtime
defined gethrvtime
defined adjtime
defined getitimer
defined setitimer
defined gettimeofday
defined settimeofday
defined gethrtime
defined gethrvtime
defined defined
MUTEX_HELD mutex_owned
MUTEX_NOT_HELD mutex_owned
FD_ZERO bzero
FD_ZERO memset
WIFCONTINUED WWORD
defined strptime
defined defined
defined defined
defined clock_getres
defined clock_gettime
defined clock_settime
defined timer_create
defined timer_delete
defined timer_getoverrun
defined timer_gettime
defined timer_settime
defined nanosleep
defined defined
defined defined
defined tzset
defined _sysconf
CLK_TCK _sysconf
defined defined
defined defined
defined defined
defined cftime
defined ascftime
defined getdate
getdate_err _getdate_err_addr
defined _getdate_err_addr
defined clock
defined difftime
defined mktime
defined time
defined strftime
defined gmtime
defined localtime
defined ctime
defined asctime
defined strptime
defined cftime
defined ascftime
defined tzset
defined defined
defined gmtime_r
defined localtime_r
defined getdate
getdate_err _getdate_err_addr
defined _getdate_err_addr
defined defined
defined defined
defined defined
defined asctime_r
defined ctime_r
asctime_r __posix_asctime_r
asctime_r __posix_asctime_r
ctime_r __posix_ctime_r
ctime_r __posix_ctime_r
asctime_r __posix_asctime_r
asctime_r __posix_asctime_r
ctime_r __posix_ctime_r
ctime_r __posix_ctime_r
defined defined
defined defined
defined defined
PID_HOLD ASSERT
PID_HOLD MUTEX_HELD
PID_RELE ASSERT
PID_RELE MUTEX_HELD
PID_RELE pid_rele
tracing sigismember
ISSIG ISSIG_FAST
ISSIG ttolwp
ISSIG ttoproc
ISSIG_FAST ISSIG_PENDING
ISSIG_FAST issig
ISSTOP sigismember
crhold mutex_enter
crhold mutex_exit
DISP_PRIO INHERITED
SWAP_OK LOCK_HELD
curthread threadp
curproc ttoproc
thread_unlock disp_lock_exit
thread_unlock_high disp_lock_exit_high
thread_unlock_nopreempt disp_lock_exit_nopreempt
THREAD_LOCK_HELD DISP_LOCK_HELD
THREAD_TRANSITION thread_transition
THREAD_RUN THREAD_SET_STATE
THREAD_SWAP THREAD_SET_STATE
THREAD_STOP THREAD_SET_STATE
THREAD_STOP disp_lock_exit
THREAD_ZOMB THREAD_SET_STATE
THREAD_ONPROC THREAD_SET_STATE
THREAD_SLEEP THREAD_SET_STATE
THREAD_SLEEP disp_lock_exit_high
CL_PARMSIN cl_parmsin
CL_PARMSOUT cl_parmsout
dkunit minor
DELAY drv_usecwait
CDELAY drv_usecwait
HZ _sysconf
TICK _sysconf
PAGESIZE _sysconf
SIGRTMIN _sysconf
SIGRTMAX _sysconf
sigaddset sigword
sigaddset sigmask
sigdelset sigword
sigdelset sigmask
sigismember sigmask
sigismember sigword
UNSAFE_DRIVER_LOCK_HELD mutex_owned
UNSAFE_DRIVER_LOCK_NOT_HELD mutex_owned
DISP_LOCK_HELD LOCK_HELD
TS_NEW kmem_zalloc
TSTILE_INSERT sleepq_insert
TSTILE_WAKEONE sleepq_wakeone
TSTILE_WAKEALL sleepq_wakeall
TSTILE_SLEEPQ SOBJ_QNUM
TSTILE_DEQ sleepq_dequeue
TSTILE_UNSLEEP sleepq_unsleep
SPIN_LOCK ipltospl
RW_READ_HELD rw_read_held
RW_WRITE_HELD rw_write_held
RW_LOCK_HELD rw_lock_held
RW_ISWRITER rw_iswriter
SEMA_HELD sema_held
