#fOrTyTwO
$hz=100;
$XS_VERSION='DProf 20000000.00_00';
# All values are given in HZ
$over_utime=11; $over_stime=0; $over_rtime=11;
$over_tests=10000;
$rrun_utime=27; $rrun_stime=3; $rrun_rtime=39;
$total_marks=373                                                                                                                                                                                 

PART2
@ 1 0 1
& 2 main BEGIN
+ 2
& 3 lib BEGIN
+ 3
- 3
& 4 lib BEGIN
+ 4
@ 0 0 1
& 5 Config BEGIN
+ 5
- 5
@ 1 0 1
& 6 Config TIEHASH
+ 6
- 6
& 7 Config import
+ 7
- 7
- 4
& 8 Config FETCH
+ 8
- 8
+ 8
- 8
+ 8
- 8
+ 8
- 8
+ 8
- 8
+ 8
- 8
& 9 lib import
+ 9
@ 0 1 1
- 9
- 2
+ 2
& a Fcntl BEGIN
+ a
- a
& b XSLoader load
+ b
& c DynaLoader dl_load_file
+ c
@ 0 0 1
- c
& d DynaLoader dl_undef_symbols
+ d
- d
& e DynaLoader dl_find_symbol
+ e
- e
& f DynaLoader dl_install_xsub
+ f
- f
& 10 Fcntl bootstrap
+ 10
- 10
- b
& 11 Exporter import
+ 11
- 11
- 2
& 12 main BEGIN
+ 12
@ 0 0 1
& 13 Storable BEGIN
+ 13
& 14 AutoLoader BEGIN
+ 14
- 14
& 15 AutoLoader BEGIN
+ 15
- 15
@ 1 0 1
& 16 AutoLoader import
+ 16
+ 11
- 11
- 16
- 13
+ 13
& 17 vars BEGIN
+ 17
@ 0 0 1
& 18 warnings BEGIN
+ 18
@ 1 0 1
+ 11
- 11
- 18
@ 1 0 1
& 19 warnings::register import
+ 19
& 1a warnings::register mkMask
+ 1a
- 1a
+ 1a
- 1a
- 19
- 17
& 1b vars import
+ 1b
- 1b
- 13
& 1c Storable BEGIN
+ 1c
+ 11
& 1d Exporter export
+ 1d
@ 1 0 2
& 1e Exporter heavy_export
* 1e
- 1e
- 11
- 1c
& 1f DynaLoader BEGIN
+ 1f
+ 1b
- 1b
- 1f
& 20 DynaLoader BEGIN
+ 20
+ 7
- 7
- 20
@ 1 0 1
+ 8
- 8
+ 8
- 8
+ 8
- 8
+ 8
- 8
& 21 Storable BEGIN
+ 21
/ 21
& 22 DynaLoader bootstrap
+ 22
@ 0 0 1
& 23 DynaLoader dl_load_flags
+ 23
- 23
+ c
- c
+ d
- d
+ e
- e
+ f
- f
& 24 Storable bootstrap
+ 24
- 24
- 22
+ 11
- 11
- 12
+ 12
& 25 IO::Socket BEGIN
+ 25
& 26 IO::Handle BEGIN
+ 26
& 27 strict import
+ 27
& 28 strict bits
+ 28
- 28
- 27
- 26
@ 0 1 1
& 29 IO::Handle BEGIN
+ 29
+ 11
- 11
- 29
& 2a IO::Handle BEGIN
+ 2a
& 2b Symbol BEGIN
+ 2b
- 2b
+ 11
- 11
- 2a
+ 2a
@ 0 0 1
& 2c SelectSaver BEGIN
+ 2c
+ 11
- 11
- 2c
& 2d SelectSaver BEGIN
+ 2d
+ 11
- 11
- 2d
- 2a
+ 2a
& 2e IO BEGIN
+ 2e
- 2e
& 2f IO BEGIN
+ 2f
+ 11
- 11
- 2f
+ b
+ c
- c
+ d
- d
+ e
- e
+ f
- f
& 30 IO bootstrap
+ 30
- 30
- b
- 2a
@ 2 0 2
& 31 IO::Handle BEGIN
+ 31
& 32 strict unimport
+ 32
+ 28
- 28
- 32
- 31
+ 11
- 11
- 25
& 33 IO::Socket BEGIN
+ 33
& 34 Socket BEGIN
+ 34
+ 11
- 11
- 34
& 35 Socket BEGIN
+ 35
+ 19
+ 1a
- 1a
+ 1a
- 1a
- 19
- 35
+ 35
- 35
& 36 Socket BEGIN
+ 36
- 36
@ 1 0 1
+ b
+ c
- c
+ d
- d
+ e
- e
+ f
- f
& 37 Socket bootstrap
+ 37
- 37
- b
& 38 UNIVERSAL VERSION
+ 38
- 38
+ 11
@ 1 0 1
- 11
- 33
& 39 IO::Socket BEGIN
+ 39
+ 11
- 11
- 39
& 3a IO::Socket BEGIN
+ 3a
+ 27
+ 28
- 28
- 27
- 3a
& 3b IO::Socket BEGIN
+ 3b
+ 11
- 11
- 3b
& 3c IO::Socket BEGIN
+ 3c
& 3d Errno BEGIN
+ 3d
+ 1b
- 1b
- 3d
& 3e Errno BEGIN
+ 3e
- 3e
& 3f Errno BEGIN
+ 3f
+ 7
- 7
- 3f
& 40 Errno BEGIN
+ 40
+ 27
+ 28
- 28
- 27
- 40
@ 1 0 1
& 41 Errno BEGIN
+ 41
+ 32
+ 28
- 28
- 32
- 41
+ 8
- 8
+ 8
- 8
& 42 Errno TIEHASH
+ 42
- 42
+ 11
- 11
- 3c
@ 1 0 2
& 43 IO::Socket::INET BEGIN
+ 43
+ 27
+ 28
- 28
- 27
- 43
& 44 IO::Socket::INET BEGIN
+ 44
& 45 IO::Socket import
+ 45
+ 1d
* 1e
- 1e
- 45
- 44
& 46 IO::Socket::INET BEGIN
+ 46
+ 11
@ 1 0 1
- 11
- 46
& 47 IO::Socket::INET BEGIN
+ 47
+ 11
- 11
- 47
& 48 IO::Socket::INET BEGIN
+ 48
+ 11
- 11
- 48
& 49 IO::Socket::INET BEGIN
+ 49
+ 11
- 11
- 49
& 4a Socket AUTOLOAD
+ 4a
& 4b Socket constant
+ 4b
- 4b
@ 1 0 1
& 4c Socket AF_INET
* 4c
- 4c
& 4d IO::Socket register_domain
+ 4d
- 4d
+ 4a
+ 4b
- 4b
& 4e Socket SOCK_STREAM
* 4e
- 4e
+ 4a
+ 4b
- 4b
& 4f Socket SOCK_DGRAM
* 4f
- 4f
+ 4a
+ 4b
- 4b
& 50 Socket SOCK_RAW
* 50
- 50
& 51 IO::Socket::UNIX BEGIN
+ 51
+ 27
+ 28
- 28
- 27
- 51
& 52 IO::Socket::UNIX BEGIN
+ 52
+ 45
+ 1d
* 1e
- 1e
- 45
- 52
& 53 IO::Socket::UNIX BEGIN
+ 53
+ 11
@ 1 0 1
- 11
- 53
& 54 IO::Socket::UNIX BEGIN
+ 54
+ 11
- 11
- 54
+ 4a
+ 4b
- 4b
& 55 Socket AF_UNIX
* 55
- 55
+ 4d
- 4d
+ 45
+ 1d
* 1e
- 1e
- 45
- 12
+ 12
@ 0 1 1
+ 11
- 11
- 12
+ 12
@ 1 0 1
- 12
+ 12
- 12
& 56 main BEGIN
+ 56
@ 0 0 1
& 57 subs import
+ 57
- 57
- 56
& 58 main BEGIN
+ 58
+ 57
- 57
- 58
& 59 main BEGIN
+ 59
+ 57
- 57
- 59
@ 10 0 10
& 5a main printit
+ 5a
- 5a
& 5b Getopt::Std getopts
+ 5b
- 5b
+ 5a
- 5a
& 5c IO::Handle autoflush
+ 5c
& 5d Symbol qualify
+ 5d
- 5d
& 5e SelectSaver new
+ 5e
+ 5d
- 5d
- 5e
- 5c
& 5f SelectSaver DESTROY
+ 5f
- 5f
& 60 main readconfigfile
+ 60
/ 60
